# JRE version: OpenJDK Runtime Environment Temurin-17.0.7+7 (17.0.7+7) (build 17.0.7+7)
# Java VM: OpenJDK 64-Bit Server VM Temurin-17.0.7+7 (17.0.7+7, mixed mode, tiered, compressed oops, compressed class ptrs, parallel gc, windows-amd64)
GC Precious Log:
 CPUs: 16 total, 16 available
 Memory: 7421M
 Large Page Support: Disabled
 NUMA Support: Disabled
 Compressed Oops: Enabled (32-bit)
 Alignments: Space 512K, Generation 512K, Heap 2M
 Heap Min Capacity: 100M
 Heap Initial Capacity: 100M
 Heap Max Capacity: 1G
 Pre-touch: Disabled
 Parallel Workers: 13
Heap:
 PSYoungGen      total 19968K, used 12199K [0x00000000eab00000, 0x00000000ec280000, 0x0000000100000000)
  eden space 19456K, 60% used [0x00000000eab00000,0x00000000eb689f08,0x00000000ebe00000)
  from space 512K, 75% used [0x00000000ec180000,0x00000000ec1e0000,0x00000000ec200000)
  to   space 512K, 0% used [0x00000000ec200000,0x00000000ec200000,0x00000000ec280000)
 ParOldGen       total 68608K, used 65665K [0x00000000c0000000, 0x00000000c4300000, 0x00000000eab00000)
  object space 68608K, 95% used [0x00000000c0000000,0x00000000c4020658,0x00000000c4300000)
 Metaspace       used 68917K, committed 69952K, reserved 1114112K
  class space    used 7914K, committed 8320K, reserved 1048576K
GC Heap History (20 events):
Event: 46.456 GC heap before
{Heap before GC invocations=51 (full 3):
 PSYoungGen      total 19968K, used 19648K [0x00000000eab00000, 0x00000000ec480000, 0x0000000100000000)
  eden space 19456K, 100% used [0x00000000eab00000,0x00000000ebe00000,0x00000000ebe00000)
  from space 512K, 37% used [0x00000000ec380000,0x00000000ec3b0000,0x00000000ec400000)
  to   space 512K, 0% used [0x00000000ec400000,0x00000000ec400000,0x00000000ec480000)
 ParOldGen       total 68608K, used 61626K [0x00000000c0000000, 0x00000000c4300000, 0x00000000eab00000)
  object space 68608K, 89% used [0x00000000c0000000,0x00000000c3c2e810,0x00000000c4300000)
 Metaspace       used 64178K, committed 65088K, reserved 1114112K
  class space    used 7483K, committed 7872K, reserved 1048576K
}
Event: 46.456 GC heap after
{Heap after GC invocations=51 (full 3):
 PSYoungGen      total 19968K, used 384K [0x00000000eab00000, 0x00000000ec480000, 0x0000000100000000)
  eden space 19456K, 0% used [0x00000000eab00000,0x00000000eab00000,0x00000000ebe00000)
  from space 512K, 75% used [0x00000000ec400000,0x00000000ec460000,0x00000000ec480000)
  to   space 512K, 0% used [0x00000000ec380000,0x00000000ec380000,0x00000000ec400000)
 ParOldGen       total 68608K, used 61626K [0x00000000c0000000, 0x00000000c4300000, 0x00000000eab00000)
  object space 68608K, 89% used [0x00000000c0000000,0x00000000c3c2e810,0x00000000c4300000)
 Metaspace       used 64178K, committed 65088K, reserved 1114112K
  class space    used 7483K, committed 7872K, reserved 1048576K
}
Event: 46.519 GC heap before
{Heap before GC invocations=52 (full 3):
 PSYoungGen      total 19968K, used 19840K [0x00000000eab00000, 0x00000000ec480000, 0x0000000100000000)
  eden space 19456K, 100% used [0x00000000eab00000,0x00000000ebe00000,0x00000000ebe00000)
  from space 512K, 75% used [0x00000000ec400000,0x00000000ec460000,0x00000000ec480000)
  to   space 512K, 0% used [0x00000000ec380000,0x00000000ec380000,0x00000000ec400000)
 ParOldGen       total 68608K, used 61626K [0x00000000c0000000, 0x00000000c4300000, 0x00000000eab00000)
  object space 68608K, 89% used [0x00000000c0000000,0x00000000c3c2e810,0x00000000c4300000)
 Metaspace       used 64178K, committed 65088K, reserved 1114112K
  class space    used 7483K, committed 7872K, reserved 1048576K
}
Event: 46.520 GC heap after
{Heap after GC invocations=52 (full 3):
 PSYoungGen      total 19968K, used 256K [0x00000000eab00000, 0x00000000ec480000, 0x0000000100000000)
  eden space 19456K, 0% used [0x00000000eab00000,0x00000000eab00000,0x00000000ebe00000)
  from space 512K, 50% used [0x00000000ec380000,0x00000000ec3c0000,0x00000000ec400000)
  to   space 512K, 0% used [0x00000000ec400000,0x00000000ec400000,0x00000000ec480000)
 ParOldGen       total 68608K, used 61722K [0x00000000c0000000, 0x00000000c4300000, 0x00000000eab00000)
  object space 68608K, 89% used [0x00000000c0000000,0x00000000c3c46810,0x00000000c4300000)
 Metaspace       used 64178K, committed 65088K, reserved 1114112K
  class space    used 7483K, committed 7872K, reserved 1048576K
}
Event: 46.885 GC heap before
{Heap before GC invocations=53 (full 3):
 PSYoungGen      total 19968K, used 19712K [0x00000000eab00000, 0x00000000ec480000, 0x0000000100000000)
  eden space 19456K, 100% used [0x00000000eab00000,0x00000000ebe00000,0x00000000ebe00000)
  from space 512K, 50% used [0x00000000ec380000,0x00000000ec3c0000,0x00000000ec400000)
  to   space 512K, 0% used [0x00000000ec400000,0x00000000ec400000,0x00000000ec480000)
 ParOldGen       total 68608K, used 61722K [0x00000000c0000000, 0x00000000c4300000, 0x00000000eab00000)
  object space 68608K, 89% used [0x00000000c0000000,0x00000000c3c46810,0x00000000c4300000)
 Metaspace       used 65380K, committed 66368K, reserved 1114112K
  class space    used 7605K, committed 8000K, reserved 1048576K
}
Event: 46.886 GC heap after
{Heap after GC invocations=53 (full 3):
 PSYoungGen      total 19968K, used 505K [0x00000000eab00000, 0x00000000ec480000, 0x0000000100000000)
  eden space 19456K, 0% used [0x00000000eab00000,0x00000000eab00000,0x00000000ebe00000)
  from space 512K, 98% used [0x00000000ec400000,0x00000000ec47e470,0x00000000ec480000)
  to   space 1024K, 0% used [0x00000000ec280000,0x00000000ec280000,0x00000000ec380000)
 ParOldGen       total 68608K, used 61986K [0x00000000c0000000, 0x00000000c4300000, 0x00000000eab00000)
  object space 68608K, 90% used [0x00000000c0000000,0x00000000c3c88810,0x00000000c4300000)
 Metaspace       used 65380K, committed 66368K, reserved 1114112K
  class space    used 7605K, committed 8000K, reserved 1048576K
}
Event: 46.963 GC heap before
{Heap before GC invocations=54 (full 3):
 PSYoungGen      total 19968K, used 19961K [0x00000000eab00000, 0x00000000ec480000, 0x0000000100000000)
  eden space 19456K, 100% used [0x00000000eab00000,0x00000000ebe00000,0x00000000ebe00000)
  from space 512K, 98% used [0x00000000ec400000,0x00000000ec47e470,0x00000000ec480000)
  to   space 1024K, 0% used [0x00000000ec280000,0x00000000ec280000,0x00000000ec380000)
 ParOldGen       total 68608K, used 61986K [0x00000000c0000000, 0x00000000c4300000, 0x00000000eab00000)
  object space 68608K, 90% used [0x00000000c0000000,0x00000000c3c88810,0x00000000c4300000)
 Metaspace       used 65531K, committed 66560K, reserved 1114112K
  class space    used 7618K, committed 8064K, reserved 1048576K
}
Event: 46.964 GC heap after
{Heap after GC invocations=54 (full 3):
 PSYoungGen      total 20480K, used 1024K [0x00000000eab00000, 0x00000000ec480000, 0x0000000100000000)
  eden space 19456K, 0% used [0x00000000eab00000,0x00000000eab00000,0x00000000ebe00000)
  from space 1024K, 100% used [0x00000000ec280000,0x00000000ec380000,0x00000000ec380000)
  to   space 1024K, 0% used [0x00000000ec380000,0x00000000ec380000,0x00000000ec480000)
 ParOldGen       total 68608K, used 62500K [0x00000000c0000000, 0x00000000c4300000, 0x00000000eab00000)
  object space 68608K, 91% used [0x00000000c0000000,0x00000000c3d09380,0x00000000c4300000)
 Metaspace       used 65531K, committed 66560K, reserved 1114112K
  class space    used 7618K, committed 8064K, reserved 1048576K
}
Event: 47.149 GC heap before
{Heap before GC invocations=55 (full 3):
 PSYoungGen      total 20480K, used 20480K [0x00000000eab00000, 0x00000000ec480000, 0x0000000100000000)
  eden space 19456K, 100% used [0x00000000eab00000,0x00000000ebe00000,0x00000000ebe00000)
  from space 1024K, 100% used [0x00000000ec280000,0x00000000ec380000,0x00000000ec380000)
  to   space 1024K, 0% used [0x00000000ec380000,0x00000000ec380000,0x00000000ec480000)
 ParOldGen       total 68608K, used 62500K [0x00000000c0000000, 0x00000000c4300000, 0x00000000eab00000)
  object space 68608K, 91% used [0x00000000c0000000,0x00000000c3d09380,0x00000000c4300000)
 Metaspace       used 67553K, committed 68544K, reserved 1114112K
  class space    used 7808K, committed 8256K, reserved 1048576K
}
Event: 47.150 GC heap after
{Heap after GC invocations=55 (full 3):
 PSYoungGen      total 20480K, used 1016K [0x00000000eab00000, 0x00000000ec480000, 0x0000000100000000)
  eden space 19456K, 0% used [0x00000000eab00000,0x00000000eab00000,0x00000000ebe00000)
  from space 1024K, 99% used [0x00000000ec380000,0x00000000ec47e098,0x00000000ec480000)
  to   space 1536K, 0% used [0x00000000ec180000,0x00000000ec180000,0x00000000ec300000)
 ParOldGen       total 68608K, used 63388K [0x00000000c0000000, 0x00000000c4300000, 0x00000000eab00000)
  object space 68608K, 92% used [0x00000000c0000000,0x00000000c3de70c8,0x00000000c4300000)
 Metaspace       used 67553K, committed 68544K, reserved 1114112K
  class space    used 7808K, committed 8256K, reserved 1048576K
}
Event: 113.094 GC heap before
{Heap before GC invocations=56 (full 3):
 PSYoungGen      total 20480K, used 20472K [0x00000000eab00000, 0x00000000ec480000, 0x0000000100000000)
  eden space 19456K, 100% used [0x00000000eab00000,0x00000000ebe00000,0x00000000ebe00000)
  from space 1024K, 99% used [0x00000000ec380000,0x00000000ec47e098,0x00000000ec480000)
  to   space 1536K, 0% used [0x00000000ec180000,0x00000000ec180000,0x00000000ec300000)
 ParOldGen       total 68608K, used 63388K [0x00000000c0000000, 0x00000000c4300000, 0x00000000eab00000)
  object space 68608K, 92% used [0x00000000c0000000,0x00000000c3de70c8,0x00000000c4300000)
 Metaspace       used 67935K, committed 68928K, reserved 1114112K
  class space    used 7841K, committed 8256K, reserved 1048576K
}
Event: 113.097 GC heap after
{Heap after GC invocations=56 (full 3):
 PSYoungGen      total 20480K, used 992K [0x00000000eab00000, 0x00000000ec400000, 0x0000000100000000)
  eden space 19456K, 0% used [0x00000000eab00000,0x00000000eab00000,0x00000000ebe00000)
  from space 1024K, 96% used [0x00000000ec180000,0x00000000ec278000,0x00000000ec280000)
  to   space 1536K, 0% used [0x00000000ec280000,0x00000000ec280000,0x00000000ec400000)
 ParOldGen       total 68608K, used 64244K [0x00000000c0000000, 0x00000000c4300000, 0x00000000eab00000)
  object space 68608K, 93% used [0x00000000c0000000,0x00000000c3ebd028,0x00000000c4300000)
 Metaspace       used 67935K, committed 68928K, reserved 1114112K
  class space    used 7841K, committed 8256K, reserved 1048576K
}
Event: 128.321 GC heap before
{Heap before GC invocations=57 (full 3):
 PSYoungGen      total 20480K, used 20448K [0x00000000eab00000, 0x00000000ec400000, 0x0000000100000000)
  eden space 19456K, 100% used [0x00000000eab00000,0x00000000ebe00000,0x00000000ebe00000)
  from space 1024K, 96% used [0x00000000ec180000,0x00000000ec278000,0x00000000ec280000)
  to   space 1536K, 0% used [0x00000000ec280000,0x00000000ec280000,0x00000000ec400000)
 ParOldGen       total 68608K, used 64244K [0x00000000c0000000, 0x00000000c4300000, 0x00000000eab00000)
  object space 68608K, 93% used [0x00000000c0000000,0x00000000c3ebd028,0x00000000c4300000)
 Metaspace       used 68477K, committed 69504K, reserved 1114112K
  class space    used 7906K, committed 8320K, reserved 1048576K
}
Event: 128.324 GC heap after
{Heap after GC invocations=57 (full 3):
 PSYoungGen      total 20480K, used 768K [0x00000000eab00000, 0x00000000ec380000, 0x0000000100000000)
  eden space 19456K, 0% used [0x00000000eab00000,0x00000000eab00000,0x00000000ebe00000)
  from space 1024K, 75% used [0x00000000ec280000,0x00000000ec340000,0x00000000ec380000)
  to   space 1024K, 0% used [0x00000000ec180000,0x00000000ec180000,0x00000000ec280000)
 ParOldGen       total 68608K, used 64953K [0x00000000c0000000, 0x00000000c4300000, 0x00000000eab00000)
  object space 68608K, 94% used [0x00000000c0000000,0x00000000c3f6e4a8,0x00000000c4300000)
 Metaspace       used 68477K, committed 69504K, reserved 1114112K
  class space    used 7906K, committed 8320K, reserved 1048576K
}
Event: 143.097 GC heap before
{Heap before GC invocations=58 (full 3):
 PSYoungGen      total 20480K, used 20224K [0x00000000eab00000, 0x00000000ec380000, 0x0000000100000000)
  eden space 19456K, 100% used [0x00000000eab00000,0x00000000ebe00000,0x00000000ebe00000)
  from space 1024K, 75% used [0x00000000ec280000,0x00000000ec340000,0x00000000ec380000)
  to   space 1024K, 0% used [0x00000000ec180000,0x00000000ec180000,0x00000000ec280000)
 ParOldGen       total 68608K, used 64953K [0x00000000c0000000, 0x00000000c4300000, 0x00000000eab00000)
  object space 68608K, 94% used [0x00000000c0000000,0x00000000c3f6e4a8,0x00000000c4300000)
 Metaspace       used 68631K, committed 69632K, reserved 1114112K
  class space    used 7913K, committed 8320K, reserved 1048576K
}
Event: 143.100 GC heap after
{Heap after GC invocations=58 (full 3):
 PSYoungGen      total 19968K, used 384K [0x00000000eab00000, 0x00000000ec300000, 0x0000000100000000)
  eden space 19456K, 0% used [0x00000000eab00000,0x00000000eab00000,0x00000000ebe00000)
  from space 512K, 75% used [0x00000000ec180000,0x00000000ec1e0000,0x00000000ec200000)
  to   space 1024K, 0% used [0x00000000ec200000,0x00000000ec200000,0x00000000ec300000)
 ParOldGen       total 68608K, used 65433K [0x00000000c0000000, 0x00000000c4300000, 0x00000000eab00000)
  object space 68608K, 95% used [0x00000000c0000000,0x00000000c3fe6658,0x00000000c4300000)
 Metaspace       used 68631K, committed 69632K, reserved 1114112K
  class space    used 7913K, committed 8320K, reserved 1048576K
}
Event: 159.430 GC heap before
{Heap before GC invocations=59 (full 3):
 PSYoungGen      total 19968K, used 19840K [0x00000000eab00000, 0x00000000ec300000, 0x0000000100000000)
  eden space 19456K, 100% used [0x00000000eab00000,0x00000000ebe00000,0x00000000ebe00000)
  from space 512K, 75% used [0x00000000ec180000,0x00000000ec1e0000,0x00000000ec200000)
  to   space 1024K, 0% used [0x00000000ec200000,0x00000000ec200000,0x00000000ec300000)
 ParOldGen       total 68608K, used 65433K [0x00000000c0000000, 0x00000000c4300000, 0x00000000eab00000)
  object space 68608K, 95% used [0x00000000c0000000,0x00000000c3fe6658,0x00000000c4300000)
 Metaspace       used 68803K, committed 69824K, reserved 1114112K
  class space    used 7914K, committed 8320K, reserved 1048576K
}
Event: 159.432 GC heap after
{Heap after GC invocations=59 (full 3):
 PSYoungGen      total 19968K, used 384K [0x00000000eab00000, 0x00000000ec280000, 0x0000000100000000)
  eden space 19456K, 0% used [0x00000000eab00000,0x00000000eab00000,0x00000000ebe00000)
  from space 512K, 75% used [0x00000000ec200000,0x00000000ec260000,0x00000000ec280000)
  to   space 512K, 0% used [0x00000000ec180000,0x00000000ec180000,0x00000000ec200000)
 ParOldGen       total 68608K, used 65561K [0x00000000c0000000, 0x00000000c4300000, 0x00000000eab00000)
  object space 68608K, 95% used [0x00000000c0000000,0x00000000c4006658,0x00000000c4300000)
 Metaspace       used 68803K, committed 69824K, reserved 1114112K
  class space    used 7914K, committed 8320K, reserved 1048576K
}
Event: 167.399 GC heap before
{Heap before GC invocations=60 (full 3):
 PSYoungGen      total 19968K, used 19840K [0x00000000eab00000, 0x00000000ec280000, 0x0000000100000000)
  eden space 19456K, 100% used [0x00000000eab00000,0x00000000ebe00000,0x00000000ebe00000)
  from space 512K, 75% used [0x00000000ec200000,0x00000000ec260000,0x00000000ec280000)
  to   space 512K, 0% used [0x00000000ec180000,0x00000000ec180000,0x00000000ec200000)
 ParOldGen       total 68608K, used 65561K [0x00000000c0000000, 0x00000000c4300000, 0x00000000eab00000)
  object space 68608K, 95% used [0x00000000c0000000,0x00000000c4006658,0x00000000c4300000)
 Metaspace       used 68880K, committed 69888K, reserved 1114112K
  class space    used 7914K, committed 8320K, reserved 1048576K
}
Event: 167.401 GC heap after
{Heap after GC invocations=60 (full 3):
 PSYoungGen      total 19968K, used 384K [0x00000000eab00000, 0x00000000ec280000, 0x0000000100000000)
  eden space 19456K, 0% used [0x00000000eab00000,0x00000000eab00000,0x00000000ebe00000)
  from space 512K, 75% used [0x00000000ec180000,0x00000000ec1e0000,0x00000000ec200000)
  to   space 512K, 0% used [0x00000000ec200000,0x00000000ec200000,0x00000000ec280000)
 ParOldGen       total 68608K, used 65665K [0x00000000c0000000, 0x00000000c4300000, 0x00000000eab00000)
  object space 68608K, 95% used [0x00000000c0000000,0x00000000c4020658,0x00000000c4300000)
 Metaspace       used 68880K, committed 69888K, reserved 1114112K
  class space    used 7914K, committed 8320K, reserved 1048576K
}

