# JRE version: OpenJDK Runtime Environment Temurin-17.0.7+7 (17.0.7+7) (build 17.0.7+7)
# Java VM: OpenJDK 64-Bit Server VM Temurin-17.0.7+7 (17.0.7+7, mixed mode, tiered, compressed oops, compressed class ptrs, parallel gc, windows-amd64)
GC Precious Log:
 CPUs: 16 total, 16 available
 Memory: 7421M
 Large Page Support: Disabled
 NUMA Support: Disabled
 Compressed Oops: Enabled (32-bit)
 Alignments: Space 512K, Generation 512K, Heap 2M
 Heap Min Capacity: 100M
 Heap Initial Capacity: 100M
 Heap Max Capacity: 1G
 Pre-touch: Disabled
 Parallel Workers: 13
Heap:
 PSYoungGen      total 23040K, used 2097K [0x00000000eab00000, 0x00000000ec580000, 0x0000000100000000)
  eden space 22016K, 5% used [0x00000000eab00000,0x00000000eac144a8,0x00000000ec080000)
  from space 1024K, 96% used [0x00000000ec480000,0x00000000ec578000,0x00000000ec580000)
  to   space 1536K, 0% used [0x00000000ec280000,0x00000000ec280000,0x00000000ec400000)
 ParOldGen       total 68608K, used 63630K [0x00000000c0000000, 0x00000000c4300000, 0x00000000eab00000)
  object space 68608K, 92% used [0x00000000c0000000,0x00000000c3e239f8,0x00000000c4300000)
 Metaspace       used 64280K, committed 65344K, reserved 1114112K
  class space    used 7390K, committed 7872K, reserved 1048576K
GC Heap History (20 events):
Event: 18.427 GC heap before
{Heap before GC invocations=42 (full 3):
 PSYoungGen      total 22528K, used 22272K [0x00000000eab00000, 0x00000000ec700000, 0x0000000100000000)
  eden space 22016K, 100% used [0x00000000eab00000,0x00000000ec080000,0x00000000ec080000)
  from space 512K, 50% used [0x00000000ec680000,0x00000000ec6c0000,0x00000000ec700000)
  to   space 512K, 0% used [0x00000000ec600000,0x00000000ec600000,0x00000000ec680000)
 ParOldGen       total 68608K, used 59559K [0x00000000c0000000, 0x00000000c4300000, 0x00000000eab00000)
  object space 68608K, 86% used [0x00000000c0000000,0x00000000c3a29d00,0x00000000c4300000)
 Metaspace       used 59829K, committed 60800K, reserved 1114112K
  class space    used 6949K, committed 7360K, reserved 1048576K
}
Event: 18.427 GC heap after
{Heap after GC invocations=42 (full 3):
 PSYoungGen      total 22528K, used 320K [0x00000000eab00000, 0x00000000ec700000, 0x0000000100000000)
  eden space 22016K, 0% used [0x00000000eab00000,0x00000000eab00000,0x00000000ec080000)
  from space 512K, 62% used [0x00000000ec600000,0x00000000ec650000,0x00000000ec680000)
  to   space 512K, 0% used [0x00000000ec680000,0x00000000ec680000,0x00000000ec700000)
 ParOldGen       total 68608K, used 59591K [0x00000000c0000000, 0x00000000c4300000, 0x00000000eab00000)
  object space 68608K, 86% used [0x00000000c0000000,0x00000000c3a31d00,0x00000000c4300000)
 Metaspace       used 59829K, committed 60800K, reserved 1114112K
  class space    used 6949K, committed 7360K, reserved 1048576K
}
Event: 18.699 GC heap before
{Heap before GC invocations=43 (full 3):
 PSYoungGen      total 22528K, used 22336K [0x00000000eab00000, 0x00000000ec700000, 0x0000000100000000)
  eden space 22016K, 100% used [0x00000000eab00000,0x00000000ec080000,0x00000000ec080000)
  from space 512K, 62% used [0x00000000ec600000,0x00000000ec650000,0x00000000ec680000)
  to   space 512K, 0% used [0x00000000ec680000,0x00000000ec680000,0x00000000ec700000)
 ParOldGen       total 68608K, used 59591K [0x00000000c0000000, 0x00000000c4300000, 0x00000000eab00000)
  object space 68608K, 86% used [0x00000000c0000000,0x00000000c3a31d00,0x00000000c4300000)
 Metaspace       used 59894K, committed 60864K, reserved 1114112K
  class space    used 6957K, committed 7360K, reserved 1048576K
}
Event: 18.699 GC heap after
{Heap after GC invocations=43 (full 3):
 PSYoungGen      total 22528K, used 384K [0x00000000eab00000, 0x00000000ec700000, 0x0000000100000000)
  eden space 22016K, 0% used [0x00000000eab00000,0x00000000eab00000,0x00000000ec080000)
  from space 512K, 75% used [0x00000000ec680000,0x00000000ec6e0000,0x00000000ec700000)
  to   space 512K, 0% used [0x00000000ec600000,0x00000000ec600000,0x00000000ec680000)
 ParOldGen       total 68608K, used 59607K [0x00000000c0000000, 0x00000000c4300000, 0x00000000eab00000)
  object space 68608K, 86% used [0x00000000c0000000,0x00000000c3a35d00,0x00000000c4300000)
 Metaspace       used 59894K, committed 60864K, reserved 1114112K
  class space    used 6957K, committed 7360K, reserved 1048576K
}
Event: 18.802 GC heap before
{Heap before GC invocations=44 (full 3):
 PSYoungGen      total 22528K, used 22400K [0x00000000eab00000, 0x00000000ec700000, 0x0000000100000000)
  eden space 22016K, 100% used [0x00000000eab00000,0x00000000ec080000,0x00000000ec080000)
  from space 512K, 75% used [0x00000000ec680000,0x00000000ec6e0000,0x00000000ec700000)
  to   space 512K, 0% used [0x00000000ec600000,0x00000000ec600000,0x00000000ec680000)
 ParOldGen       total 68608K, used 59607K [0x00000000c0000000, 0x00000000c4300000, 0x00000000eab00000)
  object space 68608K, 86% used [0x00000000c0000000,0x00000000c3a35d00,0x00000000c4300000)
 Metaspace       used 59894K, committed 60864K, reserved 1114112K
  class space    used 6957K, committed 7360K, reserved 1048576K
}
Event: 18.803 GC heap after
{Heap after GC invocations=44 (full 3):
 PSYoungGen      total 22528K, used 320K [0x00000000eab00000, 0x00000000ec700000, 0x0000000100000000)
  eden space 22016K, 0% used [0x00000000eab00000,0x00000000eab00000,0x00000000ec080000)
  from space 512K, 62% used [0x00000000ec600000,0x00000000ec650000,0x00000000ec680000)
  to   space 512K, 0% used [0x00000000ec680000,0x00000000ec680000,0x00000000ec700000)
 ParOldGen       total 68608K, used 59703K [0x00000000c0000000, 0x00000000c4300000, 0x00000000eab00000)
  object space 68608K, 87% used [0x00000000c0000000,0x00000000c3a4dd00,0x00000000c4300000)
 Metaspace       used 59894K, committed 60864K, reserved 1114112K
  class space    used 6957K, committed 7360K, reserved 1048576K
}
Event: 18.908 GC heap before
{Heap before GC invocations=45 (full 3):
 PSYoungGen      total 22528K, used 22336K [0x00000000eab00000, 0x00000000ec700000, 0x0000000100000000)
  eden space 22016K, 100% used [0x00000000eab00000,0x00000000ec080000,0x00000000ec080000)
  from space 512K, 62% used [0x00000000ec600000,0x00000000ec650000,0x00000000ec680000)
  to   space 512K, 0% used [0x00000000ec680000,0x00000000ec680000,0x00000000ec700000)
 ParOldGen       total 68608K, used 59703K [0x00000000c0000000, 0x00000000c4300000, 0x00000000eab00000)
  object space 68608K, 87% used [0x00000000c0000000,0x00000000c3a4dd00,0x00000000c4300000)
 Metaspace       used 59896K, committed 60864K, reserved 1114112K
  class space    used 6958K, committed 7360K, reserved 1048576K
}
Event: 18.908 GC heap after
{Heap after GC invocations=45 (full 3):
 PSYoungGen      total 22528K, used 352K [0x00000000eab00000, 0x00000000ec700000, 0x0000000100000000)
  eden space 22016K, 0% used [0x00000000eab00000,0x00000000eab00000,0x00000000ec080000)
  from space 512K, 68% used [0x00000000ec680000,0x00000000ec6d8000,0x00000000ec700000)
  to   space 512K, 0% used [0x00000000ec600000,0x00000000ec600000,0x00000000ec680000)
 ParOldGen       total 68608K, used 59703K [0x00000000c0000000, 0x00000000c4300000, 0x00000000eab00000)
  object space 68608K, 87% used [0x00000000c0000000,0x00000000c3a4dd00,0x00000000c4300000)
 Metaspace       used 59896K, committed 60864K, reserved 1114112K
  class space    used 6958K, committed 7360K, reserved 1048576K
}
Event: 19.038 GC heap before
{Heap before GC invocations=46 (full 3):
 PSYoungGen      total 22528K, used 22368K [0x00000000eab00000, 0x00000000ec700000, 0x0000000100000000)
  eden space 22016K, 100% used [0x00000000eab00000,0x00000000ec080000,0x00000000ec080000)
  from space 512K, 68% used [0x00000000ec680000,0x00000000ec6d8000,0x00000000ec700000)
  to   space 512K, 0% used [0x00000000ec600000,0x00000000ec600000,0x00000000ec680000)
 ParOldGen       total 68608K, used 59703K [0x00000000c0000000, 0x00000000c4300000, 0x00000000eab00000)
  object space 68608K, 87% used [0x00000000c0000000,0x00000000c3a4dd00,0x00000000c4300000)
 Metaspace       used 60115K, committed 61056K, reserved 1114112K
  class space    used 6981K, committed 7360K, reserved 1048576K
}
Event: 19.039 GC heap after
{Heap after GC invocations=46 (full 3):
 PSYoungGen      total 22528K, used 512K [0x00000000eab00000, 0x00000000ec700000, 0x0000000100000000)
  eden space 22016K, 0% used [0x00000000eab00000,0x00000000eab00000,0x00000000ec080000)
  from space 512K, 100% used [0x00000000ec600000,0x00000000ec680000,0x00000000ec680000)
  to   space 512K, 0% used [0x00000000ec680000,0x00000000ec680000,0x00000000ec700000)
 ParOldGen       total 68608K, used 59759K [0x00000000c0000000, 0x00000000c4300000, 0x00000000eab00000)
  object space 68608K, 87% used [0x00000000c0000000,0x00000000c3a5bd00,0x00000000c4300000)
 Metaspace       used 60115K, committed 61056K, reserved 1114112K
  class space    used 6981K, committed 7360K, reserved 1048576K
}
Event: 19.241 GC heap before
{Heap before GC invocations=47 (full 3):
 PSYoungGen      total 22528K, used 22528K [0x00000000eab00000, 0x00000000ec700000, 0x0000000100000000)
  eden space 22016K, 100% used [0x00000000eab00000,0x00000000ec080000,0x00000000ec080000)
  from space 512K, 100% used [0x00000000ec600000,0x00000000ec680000,0x00000000ec680000)
  to   space 512K, 0% used [0x00000000ec680000,0x00000000ec680000,0x00000000ec700000)
 ParOldGen       total 68608K, used 59759K [0x00000000c0000000, 0x00000000c4300000, 0x00000000eab00000)
  object space 68608K, 87% used [0x00000000c0000000,0x00000000c3a5bd00,0x00000000c4300000)
 Metaspace       used 60805K, committed 61760K, reserved 1114112K
  class space    used 7057K, committed 7488K, reserved 1048576K
}
Event: 19.242 GC heap after
{Heap after GC invocations=47 (full 3):
 PSYoungGen      total 22528K, used 496K [0x00000000eab00000, 0x00000000ec700000, 0x0000000100000000)
  eden space 22016K, 0% used [0x00000000eab00000,0x00000000eab00000,0x00000000ec080000)
  from space 512K, 96% used [0x00000000ec680000,0x00000000ec6fc010,0x00000000ec700000)
  to   space 1536K, 0% used [0x00000000ec400000,0x00000000ec400000,0x00000000ec580000)
 ParOldGen       total 68608K, used 60240K [0x00000000c0000000, 0x00000000c4300000, 0x00000000eab00000)
  object space 68608K, 87% used [0x00000000c0000000,0x00000000c3ad4118,0x00000000c4300000)
 Metaspace       used 60805K, committed 61760K, reserved 1114112K
  class space    used 7057K, committed 7488K, reserved 1048576K
}
Event: 19.358 GC heap before
{Heap before GC invocations=48 (full 3):
 PSYoungGen      total 22528K, used 22512K [0x00000000eab00000, 0x00000000ec700000, 0x0000000100000000)
  eden space 22016K, 100% used [0x00000000eab00000,0x00000000ec080000,0x00000000ec080000)
  from space 512K, 96% used [0x00000000ec680000,0x00000000ec6fc010,0x00000000ec700000)
  to   space 1536K, 0% used [0x00000000ec400000,0x00000000ec400000,0x00000000ec580000)
 ParOldGen       total 68608K, used 60240K [0x00000000c0000000, 0x00000000c4300000, 0x00000000eab00000)
  object space 68608K, 87% used [0x00000000c0000000,0x00000000c3ad4118,0x00000000c4300000)
 Metaspace       used 61144K, committed 62144K, reserved 1114112K
  class space    used 7088K, committed 7552K, reserved 1048576K
}
Event: 19.360 GC heap after
{Heap after GC invocations=48 (full 3):
 PSYoungGen      total 23552K, used 1152K [0x00000000eab00000, 0x00000000ec700000, 0x0000000100000000)
  eden space 22016K, 0% used [0x00000000eab00000,0x00000000eab00000,0x00000000ec080000)
  from space 1536K, 75% used [0x00000000ec400000,0x00000000ec520000,0x00000000ec580000)
  to   space 1536K, 0% used [0x00000000ec580000,0x00000000ec580000,0x00000000ec700000)
 ParOldGen       total 68608K, used 60698K [0x00000000c0000000, 0x00000000c4300000, 0x00000000eab00000)
  object space 68608K, 88% used [0x00000000c0000000,0x00000000c3b46850,0x00000000c4300000)
 Metaspace       used 61144K, committed 62144K, reserved 1114112K
  class space    used 7088K, committed 7552K, reserved 1048576K
}
Event: 19.635 GC heap before
{Heap before GC invocations=49 (full 3):
 PSYoungGen      total 23552K, used 23168K [0x00000000eab00000, 0x00000000ec700000, 0x0000000100000000)
  eden space 22016K, 100% used [0x00000000eab00000,0x00000000ec080000,0x00000000ec080000)
  from space 1536K, 75% used [0x00000000ec400000,0x00000000ec520000,0x00000000ec580000)
  to   space 1536K, 0% used [0x00000000ec580000,0x00000000ec580000,0x00000000ec700000)
 ParOldGen       total 68608K, used 60698K [0x00000000c0000000, 0x00000000c4300000, 0x00000000eab00000)
  object space 68608K, 88% used [0x00000000c0000000,0x00000000c3b46850,0x00000000c4300000)
 Metaspace       used 63232K, committed 64256K, reserved 1114112K
  class space    used 7282K, committed 7744K, reserved 1048576K
}
Event: 19.636 GC heap after
{Heap after GC invocations=49 (full 3):
 PSYoungGen      total 23552K, used 1528K [0x00000000eab00000, 0x00000000ec700000, 0x0000000100000000)
  eden space 22016K, 0% used [0x00000000eab00000,0x00000000eab00000,0x00000000ec080000)
  from space 1536K, 99% used [0x00000000ec580000,0x00000000ec6fe098,0x00000000ec700000)
  to   space 3072K, 0% used [0x00000000ec100000,0x00000000ec100000,0x00000000ec400000)
 ParOldGen       total 68608K, used 61647K [0x00000000c0000000, 0x00000000c4300000, 0x00000000eab00000)
  object space 68608K, 89% used [0x00000000c0000000,0x00000000c3c33cd0,0x00000000c4300000)
 Metaspace       used 63232K, committed 64256K, reserved 1114112K
  class space    used 7282K, committed 7744K, reserved 1048576K
}
Event: 20.004 GC heap before
{Heap before GC invocations=50 (full 3):
 PSYoungGen      total 23552K, used 23544K [0x00000000eab00000, 0x00000000ec700000, 0x0000000100000000)
  eden space 22016K, 100% used [0x00000000eab00000,0x00000000ec080000,0x00000000ec080000)
  from space 1536K, 99% used [0x00000000ec580000,0x00000000ec6fe098,0x00000000ec700000)
  to   space 3072K, 0% used [0x00000000ec100000,0x00000000ec100000,0x00000000ec400000)
 ParOldGen       total 68608K, used 61647K [0x00000000c0000000, 0x00000000c4300000, 0x00000000eab00000)
  object space 68608K, 89% used [0x00000000c0000000,0x00000000c3c33cd0,0x00000000c4300000)
 Metaspace       used 64103K, committed 65152K, reserved 1114112K
  class space    used 7379K, committed 7872K, reserved 1048576K
}
Event: 20.006 GC heap after
{Heap after GC invocations=50 (full 3):
 PSYoungGen      total 25088K, used 928K [0x00000000eab00000, 0x00000000ec600000, 0x0000000100000000)
  eden space 22016K, 0% used [0x00000000eab00000,0x00000000eab00000,0x00000000ec080000)
  from space 3072K, 30% used [0x00000000ec100000,0x00000000ec1e8000,0x00000000ec400000)
  to   space 1536K, 0% used [0x00000000ec480000,0x00000000ec480000,0x00000000ec600000)
 ParOldGen       total 68608K, used 63014K [0x00000000c0000000, 0x00000000c4300000, 0x00000000eab00000)
  object space 68608K, 91% used [0x00000000c0000000,0x00000000c3d89978,0x00000000c4300000)
 Metaspace       used 64103K, committed 65152K, reserved 1114112K
  class space    used 7379K, committed 7872K, reserved 1048576K
}
Event: 203.069 GC heap before
{Heap before GC invocations=51 (full 3):
 PSYoungGen      total 25088K, used 22944K [0x00000000eab00000, 0x00000000ec600000, 0x0000000100000000)
  eden space 22016K, 100% used [0x00000000eab00000,0x00000000ec080000,0x00000000ec080000)
  from space 3072K, 30% used [0x00000000ec100000,0x00000000ec1e8000,0x00000000ec400000)
  to   space 1536K, 0% used [0x00000000ec480000,0x00000000ec480000,0x00000000ec600000)
 ParOldGen       total 68608K, used 63014K [0x00000000c0000000, 0x00000000c4300000, 0x00000000eab00000)
  object space 68608K, 91% used [0x00000000c0000000,0x00000000c3d89978,0x00000000c4300000)
 Metaspace       used 64272K, committed 65344K, reserved 1114112K
  class space    used 7389K, committed 7872K, reserved 1048576K
}
Event: 203.194 GC heap after
{Heap after GC invocations=51 (full 3):
 PSYoungGen      total 23040K, used 992K [0x00000000eab00000, 0x00000000ec580000, 0x0000000100000000)
  eden space 22016K, 0% used [0x00000000eab00000,0x00000000eab00000,0x00000000ec080000)
  from space 1024K, 96% used [0x00000000ec480000,0x00000000ec578000,0x00000000ec580000)
  to   space 1536K, 0% used [0x00000000ec280000,0x00000000ec280000,0x00000000ec400000)
 ParOldGen       total 68608K, used 63630K [0x00000000c0000000, 0x00000000c4300000, 0x00000000eab00000)
  object space 68608K, 92% used [0x00000000c0000000,0x00000000c3e239f8,0x00000000c4300000)
 Metaspace       used 64272K, committed 65344K, reserved 1114112K
  class space    used 7389K, committed 7872K, reserved 1048576K
}

