# JRE version: OpenJDK Runtime Environment Temurin-17.0.7+7 (17.0.7+7) (build 17.0.7+7)
# Java VM: OpenJDK 64-Bit Server VM Temurin-17.0.7+7 (17.0.7+7, mixed mode, tiered, compressed oops, compressed class ptrs, parallel gc, windows-amd64)
GC Precious Log:
 CPUs: 16 total, 16 available
 Memory: 7421M
 Large Page Support: Disabled
 NUMA Support: Disabled
 Compressed Oops: Enabled (32-bit)
 Alignments: Space 512K, Generation 512K, Heap 2M
 Heap Min Capacity: 100M
 Heap Initial Capacity: 100M
 Heap Max Capacity: 1G
 Pre-touch: Disabled
 Parallel Workers: 13
Heap:
 PSYoungGen      total 17408K, used 6807K [0x00000000eab00000, 0x00000000ebf80000, 0x0000000100000000)
  eden space 16384K, 35% used [0x00000000eab00000,0x00000000eb0a5f18,0x00000000ebb00000)
  from space 1024K, 100% used [0x00000000ebd00000,0x00000000ebe00000,0x00000000ebe00000)
  to   space 2048K, 0% used [0x00000000ebb00000,0x00000000ebb00000,0x00000000ebd00000)
 ParOldGen       total 68608K, used 63383K [0x00000000c0000000, 0x00000000c4300000, 0x00000000eab00000)
  object space 68608K, 92% used [0x00000000c0000000,0x00000000c3de5ed8,0x00000000c4300000)
 Metaspace       used 64303K, committed 65280K, reserved 1114112K
  class space    used 7404K, committed 7872K, reserved 1048576K
GC Heap History (20 events):
Event: 31.643 GC heap before
{Heap before GC invocations=48 (full 3):
 PSYoungGen      total 17408K, used 17184K [0x00000000eab00000, 0x00000000ebe80000, 0x0000000100000000)
  eden space 16896K, 100% used [0x00000000eab00000,0x00000000ebb80000,0x00000000ebb80000)
  from space 512K, 56% used [0x00000000ebe00000,0x00000000ebe48000,0x00000000ebe80000)
  to   space 512K, 0% used [0x00000000ebd80000,0x00000000ebd80000,0x00000000ebe00000)
 ParOldGen       total 68608K, used 59717K [0x00000000c0000000, 0x00000000c4300000, 0x00000000eab00000)
  object space 68608K, 87% used [0x00000000c0000000,0x00000000c3a51598,0x00000000c4300000)
 Metaspace       used 60075K, committed 61056K, reserved 1114112K
  class space    used 6978K, committed 7424K, reserved 1048576K
}
Event: 31.644 GC heap after
{Heap after GC invocations=48 (full 3):
 PSYoungGen      total 17408K, used 384K [0x00000000eab00000, 0x00000000ebe80000, 0x0000000100000000)
  eden space 16896K, 0% used [0x00000000eab00000,0x00000000eab00000,0x00000000ebb80000)
  from space 512K, 75% used [0x00000000ebd80000,0x00000000ebde0000,0x00000000ebe00000)
  to   space 512K, 0% used [0x00000000ebe00000,0x00000000ebe00000,0x00000000ebe80000)
 ParOldGen       total 68608K, used 59725K [0x00000000c0000000, 0x00000000c4300000, 0x00000000eab00000)
  object space 68608K, 87% used [0x00000000c0000000,0x00000000c3a53598,0x00000000c4300000)
 Metaspace       used 60075K, committed 61056K, reserved 1114112K
  class space    used 6978K, committed 7424K, reserved 1048576K
}
Event: 31.722 GC heap before
{Heap before GC invocations=49 (full 3):
 PSYoungGen      total 17408K, used 17280K [0x00000000eab00000, 0x00000000ebe80000, 0x0000000100000000)
  eden space 16896K, 100% used [0x00000000eab00000,0x00000000ebb80000,0x00000000ebb80000)
  from space 512K, 75% used [0x00000000ebd80000,0x00000000ebde0000,0x00000000ebe00000)
  to   space 512K, 0% used [0x00000000ebe00000,0x00000000ebe00000,0x00000000ebe80000)
 ParOldGen       total 68608K, used 59725K [0x00000000c0000000, 0x00000000c4300000, 0x00000000eab00000)
  object space 68608K, 87% used [0x00000000c0000000,0x00000000c3a53598,0x00000000c4300000)
 Metaspace       used 60075K, committed 61056K, reserved 1114112K
  class space    used 6978K, committed 7424K, reserved 1048576K
}
Event: 31.723 GC heap after
{Heap after GC invocations=49 (full 3):
 PSYoungGen      total 17408K, used 384K [0x00000000eab00000, 0x00000000ebe80000, 0x0000000100000000)
  eden space 16896K, 0% used [0x00000000eab00000,0x00000000eab00000,0x00000000ebb80000)
  from space 512K, 75% used [0x00000000ebe00000,0x00000000ebe60000,0x00000000ebe80000)
  to   space 512K, 0% used [0x00000000ebd80000,0x00000000ebd80000,0x00000000ebe00000)
 ParOldGen       total 68608K, used 59821K [0x00000000c0000000, 0x00000000c4300000, 0x00000000eab00000)
  object space 68608K, 87% used [0x00000000c0000000,0x00000000c3a6b598,0x00000000c4300000)
 Metaspace       used 60075K, committed 61056K, reserved 1114112K
  class space    used 6978K, committed 7424K, reserved 1048576K
}
Event: 31.773 GC heap before
{Heap before GC invocations=50 (full 3):
 PSYoungGen      total 17408K, used 17280K [0x00000000eab00000, 0x00000000ebe80000, 0x0000000100000000)
  eden space 16896K, 100% used [0x00000000eab00000,0x00000000ebb80000,0x00000000ebb80000)
  from space 512K, 75% used [0x00000000ebe00000,0x00000000ebe60000,0x00000000ebe80000)
  to   space 512K, 0% used [0x00000000ebd80000,0x00000000ebd80000,0x00000000ebe00000)
 ParOldGen       total 68608K, used 59821K [0x00000000c0000000, 0x00000000c4300000, 0x00000000eab00000)
  object space 68608K, 87% used [0x00000000c0000000,0x00000000c3a6b598,0x00000000c4300000)
 Metaspace       used 60078K, committed 61056K, reserved 1114112K
  class space    used 6978K, committed 7424K, reserved 1048576K
}
Event: 31.773 GC heap after
{Heap after GC invocations=50 (full 3):
 PSYoungGen      total 17408K, used 384K [0x00000000eab00000, 0x00000000ebe80000, 0x0000000100000000)
  eden space 16896K, 0% used [0x00000000eab00000,0x00000000eab00000,0x00000000ebb80000)
  from space 512K, 75% used [0x00000000ebd80000,0x00000000ebde0000,0x00000000ebe00000)
  to   space 512K, 0% used [0x00000000ebe00000,0x00000000ebe00000,0x00000000ebe80000)
 ParOldGen       total 68608K, used 59821K [0x00000000c0000000, 0x00000000c4300000, 0x00000000eab00000)
  object space 68608K, 87% used [0x00000000c0000000,0x00000000c3a6b598,0x00000000c4300000)
 Metaspace       used 60078K, committed 61056K, reserved 1114112K
  class space    used 6978K, committed 7424K, reserved 1048576K
}
Event: 31.824 GC heap before
{Heap before GC invocations=51 (full 3):
 PSYoungGen      total 17408K, used 17280K [0x00000000eab00000, 0x00000000ebe80000, 0x0000000100000000)
  eden space 16896K, 100% used [0x00000000eab00000,0x00000000ebb80000,0x00000000ebb80000)
  from space 512K, 75% used [0x00000000ebd80000,0x00000000ebde0000,0x00000000ebe00000)
  to   space 512K, 0% used [0x00000000ebe00000,0x00000000ebe00000,0x00000000ebe80000)
 ParOldGen       total 68608K, used 59821K [0x00000000c0000000, 0x00000000c4300000, 0x00000000eab00000)
  object space 68608K, 87% used [0x00000000c0000000,0x00000000c3a6b598,0x00000000c4300000)
 Metaspace       used 60078K, committed 61056K, reserved 1114112K
  class space    used 6978K, committed 7424K, reserved 1048576K
}
Event: 31.825 GC heap after
{Heap after GC invocations=51 (full 3):
 PSYoungGen      total 17408K, used 160K [0x00000000eab00000, 0x00000000ebe80000, 0x0000000100000000)
  eden space 16896K, 0% used [0x00000000eab00000,0x00000000eab00000,0x00000000ebb80000)
  from space 512K, 31% used [0x00000000ebe00000,0x00000000ebe28000,0x00000000ebe80000)
  to   space 512K, 0% used [0x00000000ebd80000,0x00000000ebd80000,0x00000000ebe00000)
 ParOldGen       total 68608K, used 59909K [0x00000000c0000000, 0x00000000c4300000, 0x00000000eab00000)
  object space 68608K, 87% used [0x00000000c0000000,0x00000000c3a81598,0x00000000c4300000)
 Metaspace       used 60078K, committed 61056K, reserved 1114112K
  class space    used 6978K, committed 7424K, reserved 1048576K
}
Event: 31.945 GC heap before
{Heap before GC invocations=52 (full 3):
 PSYoungGen      total 17408K, used 17056K [0x00000000eab00000, 0x00000000ebe80000, 0x0000000100000000)
  eden space 16896K, 100% used [0x00000000eab00000,0x00000000ebb80000,0x00000000ebb80000)
  from space 512K, 31% used [0x00000000ebe00000,0x00000000ebe28000,0x00000000ebe80000)
  to   space 512K, 0% used [0x00000000ebd80000,0x00000000ebd80000,0x00000000ebe00000)
 ParOldGen       total 68608K, used 59909K [0x00000000c0000000, 0x00000000c4300000, 0x00000000eab00000)
  object space 68608K, 87% used [0x00000000c0000000,0x00000000c3a81598,0x00000000c4300000)
 Metaspace       used 60498K, committed 61504K, reserved 1114112K
  class space    used 7030K, committed 7488K, reserved 1048576K
}
Event: 31.946 GC heap after
{Heap after GC invocations=52 (full 3):
 PSYoungGen      total 17408K, used 481K [0x00000000eab00000, 0x00000000ebe80000, 0x0000000100000000)
  eden space 16896K, 0% used [0x00000000eab00000,0x00000000eab00000,0x00000000ebb80000)
  from space 512K, 94% used [0x00000000ebd80000,0x00000000ebdf85b0,0x00000000ebe00000)
  to   space 512K, 0% used [0x00000000ebe00000,0x00000000ebe00000,0x00000000ebe80000)
 ParOldGen       total 68608K, used 59989K [0x00000000c0000000, 0x00000000c4300000, 0x00000000eab00000)
  object space 68608K, 87% used [0x00000000c0000000,0x00000000c3a955a8,0x00000000c4300000)
 Metaspace       used 60498K, committed 61504K, reserved 1114112K
  class space    used 7030K, committed 7488K, reserved 1048576K
}
Event: 32.078 GC heap before
{Heap before GC invocations=53 (full 3):
 PSYoungGen      total 17408K, used 17377K [0x00000000eab00000, 0x00000000ebe80000, 0x0000000100000000)
  eden space 16896K, 100% used [0x00000000eab00000,0x00000000ebb80000,0x00000000ebb80000)
  from space 512K, 94% used [0x00000000ebd80000,0x00000000ebdf85b0,0x00000000ebe00000)
  to   space 512K, 0% used [0x00000000ebe00000,0x00000000ebe00000,0x00000000ebe80000)
 ParOldGen       total 68608K, used 59989K [0x00000000c0000000, 0x00000000c4300000, 0x00000000eab00000)
  object space 68608K, 87% used [0x00000000c0000000,0x00000000c3a955a8,0x00000000c4300000)
 Metaspace       used 60797K, committed 61760K, reserved 1114112K
  class space    used 7054K, committed 7488K, reserved 1048576K
}
Event: 32.079 GC heap after
{Heap after GC invocations=53 (full 3):
 PSYoungGen      total 17408K, used 512K [0x00000000eab00000, 0x00000000ebe80000, 0x0000000100000000)
  eden space 16896K, 0% used [0x00000000eab00000,0x00000000eab00000,0x00000000ebb80000)
  from space 512K, 100% used [0x00000000ebe00000,0x00000000ebe80000,0x00000000ebe80000)
  to   space 1024K, 0% used [0x00000000ebc80000,0x00000000ebc80000,0x00000000ebd80000)
 ParOldGen       total 68608K, used 60403K [0x00000000c0000000, 0x00000000c4300000, 0x00000000eab00000)
  object space 68608K, 88% used [0x00000000c0000000,0x00000000c3afcea0,0x00000000c4300000)
 Metaspace       used 60797K, committed 61760K, reserved 1114112K
  class space    used 7054K, committed 7488K, reserved 1048576K
}
Event: 32.226 GC heap before
{Heap before GC invocations=54 (full 3):
 PSYoungGen      total 17408K, used 17408K [0x00000000eab00000, 0x00000000ebe80000, 0x0000000100000000)
  eden space 16896K, 100% used [0x00000000eab00000,0x00000000ebb80000,0x00000000ebb80000)
  from space 512K, 100% used [0x00000000ebe00000,0x00000000ebe80000,0x00000000ebe80000)
  to   space 1024K, 0% used [0x00000000ebc80000,0x00000000ebc80000,0x00000000ebd80000)
 ParOldGen       total 68608K, used 60403K [0x00000000c0000000, 0x00000000c4300000, 0x00000000eab00000)
  object space 68608K, 88% used [0x00000000c0000000,0x00000000c3afcea0,0x00000000c4300000)
 Metaspace       used 61930K, committed 62976K, reserved 1114112K
  class space    used 7191K, committed 7680K, reserved 1048576K
}
Event: 32.227 GC heap after
{Heap after GC invocations=54 (full 3):
 PSYoungGen      total 17920K, used 1024K [0x00000000eab00000, 0x00000000ebf80000, 0x0000000100000000)
  eden space 16896K, 0% used [0x00000000eab00000,0x00000000eab00000,0x00000000ebb80000)
  from space 1024K, 100% used [0x00000000ebc80000,0x00000000ebd80000,0x00000000ebd80000)
  to   space 2048K, 0% used [0x00000000ebd80000,0x00000000ebd80000,0x00000000ebf80000)
 ParOldGen       total 68608K, used 60851K [0x00000000c0000000, 0x00000000c4300000, 0x00000000eab00000)
  object space 68608K, 88% used [0x00000000c0000000,0x00000000c3b6cea0,0x00000000c4300000)
 Metaspace       used 61930K, committed 62976K, reserved 1114112K
  class space    used 7191K, committed 7680K, reserved 1048576K
}
Event: 32.318 GC heap before
{Heap before GC invocations=55 (full 3):
 PSYoungGen      total 17920K, used 17920K [0x00000000eab00000, 0x00000000ebf80000, 0x0000000100000000)
  eden space 16896K, 100% used [0x00000000eab00000,0x00000000ebb80000,0x00000000ebb80000)
  from space 1024K, 100% used [0x00000000ebc80000,0x00000000ebd80000,0x00000000ebd80000)
  to   space 2048K, 0% used [0x00000000ebd80000,0x00000000ebd80000,0x00000000ebf80000)
 ParOldGen       total 68608K, used 60851K [0x00000000c0000000, 0x00000000c4300000, 0x00000000eab00000)
  object space 68608K, 88% used [0x00000000c0000000,0x00000000c3b6cea0,0x00000000c4300000)
 Metaspace       used 62208K, committed 63232K, reserved 1114112K
  class space    used 7211K, committed 7680K, reserved 1048576K
}
Event: 32.320 GC heap after
{Heap after GC invocations=55 (full 3):
 PSYoungGen      total 18944K, used 1516K [0x00000000eab00000, 0x00000000ebf80000, 0x0000000100000000)
  eden space 16896K, 0% used [0x00000000eab00000,0x00000000eab00000,0x00000000ebb80000)
  from space 2048K, 74% used [0x00000000ebd80000,0x00000000ebefb240,0x00000000ebf80000)
  to   space 2048K, 0% used [0x00000000ebb80000,0x00000000ebb80000,0x00000000ebd80000)
 ParOldGen       total 68608K, used 61821K [0x00000000c0000000, 0x00000000c4300000, 0x00000000eab00000)
  object space 68608K, 90% used [0x00000000c0000000,0x00000000c3c5f5e0,0x00000000c4300000)
 Metaspace       used 62208K, committed 63232K, reserved 1114112K
  class space    used 7211K, committed 7680K, reserved 1048576K
}
Event: 32.510 GC heap before
{Heap before GC invocations=56 (full 3):
 PSYoungGen      total 18944K, used 18412K [0x00000000eab00000, 0x00000000ebf80000, 0x0000000100000000)
  eden space 16896K, 100% used [0x00000000eab00000,0x00000000ebb80000,0x00000000ebb80000)
  from space 2048K, 74% used [0x00000000ebd80000,0x00000000ebefb240,0x00000000ebf80000)
  to   space 2048K, 0% used [0x00000000ebb80000,0x00000000ebb80000,0x00000000ebd80000)
 ParOldGen       total 68608K, used 61821K [0x00000000c0000000, 0x00000000c4300000, 0x00000000eab00000)
  object space 68608K, 90% used [0x00000000c0000000,0x00000000c3c5f5e0,0x00000000c4300000)
 Metaspace       used 64016K, committed 64960K, reserved 1114112K
  class space    used 7386K, committed 7808K, reserved 1048576K
}
Event: 32.510 GC heap after
{Heap after GC invocations=56 (full 3):
 PSYoungGen      total 17920K, used 728K [0x00000000eab00000, 0x00000000ebe00000, 0x0000000100000000)
  eden space 16896K, 0% used [0x00000000eab00000,0x00000000eab00000,0x00000000ebb80000)
  from space 1024K, 71% used [0x00000000ebb80000,0x00000000ebc36098,0x00000000ebc80000)
  to   space 1024K, 0% used [0x00000000ebd00000,0x00000000ebd00000,0x00000000ebe00000)
 ParOldGen       total 68608K, used 62912K [0x00000000c0000000, 0x00000000c4300000, 0x00000000eab00000)
  object space 68608K, 91% used [0x00000000c0000000,0x00000000c3d70008,0x00000000c4300000)
 Metaspace       used 64016K, committed 64960K, reserved 1114112K
  class space    used 7386K, committed 7808K, reserved 1048576K
}
Event: 33.522 GC heap before
{Heap before GC invocations=57 (full 3):
 PSYoungGen      total 17920K, used 17624K [0x00000000eab00000, 0x00000000ebe00000, 0x0000000100000000)
  eden space 16896K, 99% used [0x00000000eab00000,0x00000000ebb7fff8,0x00000000ebb80000)
  from space 1024K, 71% used [0x00000000ebb80000,0x00000000ebc36098,0x00000000ebc80000)
  to   space 1024K, 0% used [0x00000000ebd00000,0x00000000ebd00000,0x00000000ebe00000)
 ParOldGen       total 68608K, used 62912K [0x00000000c0000000, 0x00000000c4300000, 0x00000000eab00000)
  object space 68608K, 91% used [0x00000000c0000000,0x00000000c3d70008,0x00000000c4300000)
 Metaspace       used 64238K, committed 65216K, reserved 1114112K
  class space    used 7398K, committed 7872K, reserved 1048576K
}
Event: 33.524 GC heap after
{Heap after GC invocations=57 (full 3):
 PSYoungGen      total 17408K, used 1024K [0x00000000eab00000, 0x00000000ebf80000, 0x0000000100000000)
  eden space 16384K, 0% used [0x00000000eab00000,0x00000000eab00000,0x00000000ebb00000)
  from space 1024K, 100% used [0x00000000ebd00000,0x00000000ebe00000,0x00000000ebe00000)
  to   space 2048K, 0% used [0x00000000ebb00000,0x00000000ebb00000,0x00000000ebd00000)
 ParOldGen       total 68608K, used 63383K [0x00000000c0000000, 0x00000000c4300000, 0x00000000eab00000)
  object space 68608K, 92% used [0x00000000c0000000,0x00000000c3de5ed8,0x00000000c4300000)
 Metaspace       used 64238K, committed 65216K, reserved 1114112K
  class space    used 7398K, committed 7872K, reserved 1048576K
}

