# JRE version: OpenJDK Runtime Environment Temurin-17.0.7+7 (17.0.7+7) (build 17.0.7+7)
# Java VM: OpenJDK 64-Bit Server VM Temurin-17.0.7+7 (17.0.7+7, mixed mode, tiered, compressed oops, compressed class ptrs, parallel gc, windows-amd64)
GC Precious Log:
 CPUs: 16 total, 16 available
 Memory: 7421M
 Large Page Support: Disabled
 NUMA Support: Disabled
 Compressed Oops: Enabled (32-bit)
 Alignments: Space 512K, Generation 512K, Heap 2M
 Heap Min Capacity: 100M
 Heap Initial Capacity: 100M
 Heap Max Capacity: 1G
 Pre-touch: Disabled
 Parallel Workers: 13
Heap:
 PSYoungGen      total 18432K, used 17669K [0x00000000eab00000, 0x00000000ebe80000, 0x0000000100000000)
  eden space 16896K, 97% used [0x00000000eab00000,0x00000000ebb11720,0x00000000ebb80000)
  from space 1536K, 79% used [0x00000000ebb80000,0x00000000ebcb0000,0x00000000ebd00000)
  to   space 1536K, 0% used [0x00000000ebd00000,0x00000000ebd00000,0x00000000ebe80000)
 ParOldGen       total 68608K, used 66629K [0x00000000c0000000, 0x00000000c4300000, 0x00000000eab00000)
  object space 68608K, 97% used [0x00000000c0000000,0x00000000c41115a0,0x00000000c4300000)
 Metaspace       used 64490K, committed 65472K, reserved 1114112K
  class space    used 7407K, committed 7872K, reserved 1048576K
GC Heap History (20 events):
Event: 26.475 GC heap before
{Heap before GC invocations=51 (full 3):
 PSYoungGen      total 17408K, used 17312K [0x00000000eab00000, 0x00000000ebf00000, 0x0000000100000000)
  eden space 16896K, 100% used [0x00000000eab00000,0x00000000ebb80000,0x00000000ebb80000)
  from space 512K, 81% used [0x00000000ebe00000,0x00000000ebe68000,0x00000000ebe80000)
  to   space 512K, 0% used [0x00000000ebe80000,0x00000000ebe80000,0x00000000ebf00000)
 ParOldGen       total 68608K, used 62185K [0x00000000c0000000, 0x00000000c4300000, 0x00000000eab00000)
  object space 68608K, 90% used [0x00000000c0000000,0x00000000c3cba4e0,0x00000000c4300000)
 Metaspace       used 60040K, committed 61056K, reserved 1114112K
  class space    used 6972K, committed 7424K, reserved 1048576K
}
Event: 26.475 GC heap after
{Heap after GC invocations=51 (full 3):
 PSYoungGen      total 17408K, used 256K [0x00000000eab00000, 0x00000000ebf00000, 0x0000000100000000)
  eden space 16896K, 0% used [0x00000000eab00000,0x00000000eab00000,0x00000000ebb80000)
  from space 512K, 50% used [0x00000000ebe80000,0x00000000ebec0000,0x00000000ebf00000)
  to   space 512K, 0% used [0x00000000ebe00000,0x00000000ebe00000,0x00000000ebe80000)
 ParOldGen       total 68608K, used 62281K [0x00000000c0000000, 0x00000000c4300000, 0x00000000eab00000)
  object space 68608K, 90% used [0x00000000c0000000,0x00000000c3cd24e0,0x00000000c4300000)
 Metaspace       used 60040K, committed 61056K, reserved 1114112K
  class space    used 6972K, committed 7424K, reserved 1048576K
}
Event: 26.523 GC heap before
{Heap before GC invocations=52 (full 3):
 PSYoungGen      total 17408K, used 17152K [0x00000000eab00000, 0x00000000ebf00000, 0x0000000100000000)
  eden space 16896K, 100% used [0x00000000eab00000,0x00000000ebb80000,0x00000000ebb80000)
  from space 512K, 50% used [0x00000000ebe80000,0x00000000ebec0000,0x00000000ebf00000)
  to   space 512K, 0% used [0x00000000ebe00000,0x00000000ebe00000,0x00000000ebe80000)
 ParOldGen       total 68608K, used 62281K [0x00000000c0000000, 0x00000000c4300000, 0x00000000eab00000)
  object space 68608K, 90% used [0x00000000c0000000,0x00000000c3cd24e0,0x00000000c4300000)
 Metaspace       used 60042K, committed 61056K, reserved 1114112K
  class space    used 6973K, committed 7424K, reserved 1048576K
}
Event: 26.524 GC heap after
{Heap after GC invocations=52 (full 3):
 PSYoungGen      total 17408K, used 320K [0x00000000eab00000, 0x00000000ebf00000, 0x0000000100000000)
  eden space 16896K, 0% used [0x00000000eab00000,0x00000000eab00000,0x00000000ebb80000)
  from space 512K, 62% used [0x00000000ebe00000,0x00000000ebe50000,0x00000000ebe80000)
  to   space 512K, 0% used [0x00000000ebe80000,0x00000000ebe80000,0x00000000ebf00000)
 ParOldGen       total 68608K, used 62281K [0x00000000c0000000, 0x00000000c4300000, 0x00000000eab00000)
  object space 68608K, 90% used [0x00000000c0000000,0x00000000c3cd24e0,0x00000000c4300000)
 Metaspace       used 60042K, committed 61056K, reserved 1114112K
  class space    used 6973K, committed 7424K, reserved 1048576K
}
Event: 26.575 GC heap before
{Heap before GC invocations=53 (full 3):
 PSYoungGen      total 17408K, used 17216K [0x00000000eab00000, 0x00000000ebf00000, 0x0000000100000000)
  eden space 16896K, 100% used [0x00000000eab00000,0x00000000ebb80000,0x00000000ebb80000)
  from space 512K, 62% used [0x00000000ebe00000,0x00000000ebe50000,0x00000000ebe80000)
  to   space 512K, 0% used [0x00000000ebe80000,0x00000000ebe80000,0x00000000ebf00000)
 ParOldGen       total 68608K, used 62281K [0x00000000c0000000, 0x00000000c4300000, 0x00000000eab00000)
  object space 68608K, 90% used [0x00000000c0000000,0x00000000c3cd24e0,0x00000000c4300000)
 Metaspace       used 60042K, committed 61056K, reserved 1114112K
  class space    used 6973K, committed 7424K, reserved 1048576K
}
Event: 26.576 GC heap after
{Heap after GC invocations=53 (full 3):
 PSYoungGen      total 17408K, used 288K [0x00000000eab00000, 0x00000000ebf00000, 0x0000000100000000)
  eden space 16896K, 0% used [0x00000000eab00000,0x00000000eab00000,0x00000000ebb80000)
  from space 512K, 56% used [0x00000000ebe80000,0x00000000ebec8000,0x00000000ebf00000)
  to   space 512K, 0% used [0x00000000ebe00000,0x00000000ebe00000,0x00000000ebe80000)
 ParOldGen       total 68608K, used 62369K [0x00000000c0000000, 0x00000000c4300000, 0x00000000eab00000)
  object space 68608K, 90% used [0x00000000c0000000,0x00000000c3ce84e0,0x00000000c4300000)
 Metaspace       used 60042K, committed 61056K, reserved 1114112K
  class space    used 6973K, committed 7424K, reserved 1048576K
}
Event: 26.666 GC heap before
{Heap before GC invocations=54 (full 3):
 PSYoungGen      total 17408K, used 17184K [0x00000000eab00000, 0x00000000ebf00000, 0x0000000100000000)
  eden space 16896K, 100% used [0x00000000eab00000,0x00000000ebb80000,0x00000000ebb80000)
  from space 512K, 56% used [0x00000000ebe80000,0x00000000ebec8000,0x00000000ebf00000)
  to   space 512K, 0% used [0x00000000ebe00000,0x00000000ebe00000,0x00000000ebe80000)
 ParOldGen       total 68608K, used 62369K [0x00000000c0000000, 0x00000000c4300000, 0x00000000eab00000)
  object space 68608K, 90% used [0x00000000c0000000,0x00000000c3ce84e0,0x00000000c4300000)
 Metaspace       used 60367K, committed 61376K, reserved 1114112K
  class space    used 7010K, committed 7488K, reserved 1048576K
}
Event: 26.667 GC heap after
{Heap after GC invocations=54 (full 3):
 PSYoungGen      total 17408K, used 503K [0x00000000eab00000, 0x00000000ebf00000, 0x0000000100000000)
  eden space 16896K, 0% used [0x00000000eab00000,0x00000000eab00000,0x00000000ebb80000)
  from space 512K, 98% used [0x00000000ebe00000,0x00000000ebe7dfc8,0x00000000ebe80000)
  to   space 512K, 0% used [0x00000000ebe80000,0x00000000ebe80000,0x00000000ebf00000)
 ParOldGen       total 68608K, used 62393K [0x00000000c0000000, 0x00000000c4300000, 0x00000000eab00000)
  object space 68608K, 90% used [0x00000000c0000000,0x00000000c3cee4e0,0x00000000c4300000)
 Metaspace       used 60367K, committed 61376K, reserved 1114112K
  class space    used 7010K, committed 7488K, reserved 1048576K
}
Event: 26.825 GC heap before
{Heap before GC invocations=55 (full 3):
 PSYoungGen      total 17408K, used 17399K [0x00000000eab00000, 0x00000000ebf00000, 0x0000000100000000)
  eden space 16896K, 100% used [0x00000000eab00000,0x00000000ebb80000,0x00000000ebb80000)
  from space 512K, 98% used [0x00000000ebe00000,0x00000000ebe7dfc8,0x00000000ebe80000)
  to   space 512K, 0% used [0x00000000ebe80000,0x00000000ebe80000,0x00000000ebf00000)
 ParOldGen       total 68608K, used 62393K [0x00000000c0000000, 0x00000000c4300000, 0x00000000eab00000)
  object space 68608K, 90% used [0x00000000c0000000,0x00000000c3cee4e0,0x00000000c4300000)
 Metaspace       used 61127K, committed 62144K, reserved 1114112K
  class space    used 7088K, committed 7552K, reserved 1048576K
}
Event: 26.826 GC heap after
{Heap after GC invocations=55 (full 3):
 PSYoungGen      total 17408K, used 448K [0x00000000eab00000, 0x00000000ebf00000, 0x0000000100000000)
  eden space 16896K, 0% used [0x00000000eab00000,0x00000000eab00000,0x00000000ebb80000)
  from space 512K, 87% used [0x00000000ebe80000,0x00000000ebef0000,0x00000000ebf00000)
  to   space 512K, 0% used [0x00000000ebe00000,0x00000000ebe00000,0x00000000ebe80000)
 ParOldGen       total 68608K, used 62682K [0x00000000c0000000, 0x00000000c4300000, 0x00000000eab00000)
  object space 68608K, 91% used [0x00000000c0000000,0x00000000c3d36bd0,0x00000000c4300000)
 Metaspace       used 61127K, committed 62144K, reserved 1114112K
  class space    used 7088K, committed 7552K, reserved 1048576K
}
Event: 26.926 GC heap before
{Heap before GC invocations=56 (full 3):
 PSYoungGen      total 17408K, used 17344K [0x00000000eab00000, 0x00000000ebf00000, 0x0000000100000000)
  eden space 16896K, 100% used [0x00000000eab00000,0x00000000ebb80000,0x00000000ebb80000)
  from space 512K, 87% used [0x00000000ebe80000,0x00000000ebef0000,0x00000000ebf00000)
  to   space 512K, 0% used [0x00000000ebe00000,0x00000000ebe00000,0x00000000ebe80000)
 ParOldGen       total 68608K, used 62682K [0x00000000c0000000, 0x00000000c4300000, 0x00000000eab00000)
  object space 68608K, 91% used [0x00000000c0000000,0x00000000c3d36bd0,0x00000000c4300000)
 Metaspace       used 61512K, committed 62464K, reserved 1114112K
  class space    used 7132K, committed 7552K, reserved 1048576K
}
Event: 26.927 GC heap after
{Heap after GC invocations=56 (full 3):
 PSYoungGen      total 17408K, used 496K [0x00000000eab00000, 0x00000000ebf00000, 0x0000000100000000)
  eden space 16896K, 0% used [0x00000000eab00000,0x00000000eab00000,0x00000000ebb80000)
  from space 512K, 96% used [0x00000000ebe00000,0x00000000ebe7c010,0x00000000ebe80000)
  to   space 512K, 0% used [0x00000000ebe80000,0x00000000ebe80000,0x00000000ebf00000)
 ParOldGen       total 68608K, used 63032K [0x00000000c0000000, 0x00000000c4300000, 0x00000000eab00000)
  object space 68608K, 91% used [0x00000000c0000000,0x00000000c3d8e2b0,0x00000000c4300000)
 Metaspace       used 61512K, committed 62464K, reserved 1114112K
  class space    used 7132K, committed 7552K, reserved 1048576K
}
Event: 27.055 GC heap before
{Heap before GC invocations=57 (full 3):
 PSYoungGen      total 17408K, used 17381K [0x00000000eab00000, 0x00000000ebf00000, 0x0000000100000000)
  eden space 16896K, 99% used [0x00000000eab00000,0x00000000ebb7d768,0x00000000ebb80000)
  from space 512K, 96% used [0x00000000ebe00000,0x00000000ebe7c010,0x00000000ebe80000)
  to   space 512K, 0% used [0x00000000ebe80000,0x00000000ebe80000,0x00000000ebf00000)
 ParOldGen       total 68608K, used 63032K [0x00000000c0000000, 0x00000000c4300000, 0x00000000eab00000)
  object space 68608K, 91% used [0x00000000c0000000,0x00000000c3d8e2b0,0x00000000c4300000)
 Metaspace       used 63106K, committed 64128K, reserved 1114112K
  class space    used 7285K, committed 7744K, reserved 1048576K
}
Event: 27.056 GC heap after
{Heap after GC invocations=57 (full 3):
 PSYoungGen      total 17408K, used 512K [0x00000000eab00000, 0x00000000ebf80000, 0x0000000100000000)
  eden space 16896K, 0% used [0x00000000eab00000,0x00000000eab00000,0x00000000ebb80000)
  from space 512K, 100% used [0x00000000ebe80000,0x00000000ebf00000,0x00000000ebf00000)
  to   space 2048K, 0% used [0x00000000ebb80000,0x00000000ebb80000,0x00000000ebd80000)
 ParOldGen       total 68608K, used 64228K [0x00000000c0000000, 0x00000000c4300000, 0x00000000eab00000)
  object space 68608K, 93% used [0x00000000c0000000,0x00000000c3eb93a0,0x00000000c4300000)
 Metaspace       used 63106K, committed 64128K, reserved 1114112K
  class space    used 7285K, committed 7744K, reserved 1048576K
}
Event: 27.164 GC heap before
{Heap before GC invocations=58 (full 3):
 PSYoungGen      total 17408K, used 17408K [0x00000000eab00000, 0x00000000ebf80000, 0x0000000100000000)
  eden space 16896K, 100% used [0x00000000eab00000,0x00000000ebb80000,0x00000000ebb80000)
  from space 512K, 100% used [0x00000000ebe80000,0x00000000ebf00000,0x00000000ebf00000)
  to   space 2048K, 0% used [0x00000000ebb80000,0x00000000ebb80000,0x00000000ebd80000)
 ParOldGen       total 68608K, used 64228K [0x00000000c0000000, 0x00000000c4300000, 0x00000000eab00000)
  object space 68608K, 93% used [0x00000000c0000000,0x00000000c3eb93a0,0x00000000c4300000)
 Metaspace       used 63615K, committed 64640K, reserved 1114112K
  class space    used 7329K, committed 7744K, reserved 1048576K
}
Event: 27.165 GC heap after
{Heap after GC invocations=58 (full 3):
 PSYoungGen      total 18944K, used 1757K [0x00000000eab00000, 0x00000000ebf80000, 0x0000000100000000)
  eden space 16896K, 0% used [0x00000000eab00000,0x00000000eab00000,0x00000000ebb80000)
  from space 2048K, 85% used [0x00000000ebb80000,0x00000000ebd37468,0x00000000ebd80000)
  to   space 2048K, 0% used [0x00000000ebd80000,0x00000000ebd80000,0x00000000ebf80000)
 ParOldGen       total 68608K, used 64744K [0x00000000c0000000, 0x00000000c4300000, 0x00000000eab00000)
  object space 68608K, 94% used [0x00000000c0000000,0x00000000c3f3a080,0x00000000c4300000)
 Metaspace       used 63615K, committed 64640K, reserved 1114112K
  class space    used 7329K, committed 7744K, reserved 1048576K
}
Event: 27.322 GC heap before
{Heap before GC invocations=59 (full 3):
 PSYoungGen      total 18944K, used 18653K [0x00000000eab00000, 0x00000000ebf80000, 0x0000000100000000)
  eden space 16896K, 100% used [0x00000000eab00000,0x00000000ebb80000,0x00000000ebb80000)
  from space 2048K, 85% used [0x00000000ebb80000,0x00000000ebd37468,0x00000000ebd80000)
  to   space 2048K, 0% used [0x00000000ebd80000,0x00000000ebd80000,0x00000000ebf80000)
 ParOldGen       total 68608K, used 64744K [0x00000000c0000000, 0x00000000c4300000, 0x00000000eab00000)
  object space 68608K, 94% used [0x00000000c0000000,0x00000000c3f3a080,0x00000000c4300000)
 Metaspace       used 64192K, committed 65216K, reserved 1114112K
  class space    used 7388K, committed 7808K, reserved 1048576K
}
Event: 27.323 GC heap after
{Heap after GC invocations=59 (full 3):
 PSYoungGen      total 17920K, used 736K [0x00000000eab00000, 0x00000000ebe80000, 0x0000000100000000)
  eden space 16896K, 0% used [0x00000000eab00000,0x00000000eab00000,0x00000000ebb80000)
  from space 1024K, 71% used [0x00000000ebd80000,0x00000000ebe38000,0x00000000ebe80000)
  to   space 1536K, 0% used [0x00000000ebb80000,0x00000000ebb80000,0x00000000ebd00000)
 ParOldGen       total 68608K, used 66015K [0x00000000c0000000, 0x00000000c4300000, 0x00000000eab00000)
  object space 68608K, 96% used [0x00000000c0000000,0x00000000c4077f50,0x00000000c4300000)
 Metaspace       used 64192K, committed 65216K, reserved 1114112K
  class space    used 7388K, committed 7808K, reserved 1048576K
}
Event: 88.281 GC heap before
{Heap before GC invocations=60 (full 3):
 PSYoungGen      total 17920K, used 17632K [0x00000000eab00000, 0x00000000ebe80000, 0x0000000100000000)
  eden space 16896K, 100% used [0x00000000eab00000,0x00000000ebb80000,0x00000000ebb80000)
  from space 1024K, 71% used [0x00000000ebd80000,0x00000000ebe38000,0x00000000ebe80000)
  to   space 1536K, 0% used [0x00000000ebb80000,0x00000000ebb80000,0x00000000ebd00000)
 ParOldGen       total 68608K, used 66015K [0x00000000c0000000, 0x00000000c4300000, 0x00000000eab00000)
  object space 68608K, 96% used [0x00000000c0000000,0x00000000c4077f50,0x00000000c4300000)
 Metaspace       used 64298K, committed 65280K, reserved 1114112K
  class space    used 7399K, committed 7808K, reserved 1048576K
}
Event: 88.289 GC heap after
{Heap after GC invocations=60 (full 3):
 PSYoungGen      total 18432K, used 1216K [0x00000000eab00000, 0x00000000ebe80000, 0x0000000100000000)
  eden space 16896K, 0% used [0x00000000eab00000,0x00000000eab00000,0x00000000ebb80000)
  from space 1536K, 79% used [0x00000000ebb80000,0x00000000ebcb0000,0x00000000ebd00000)
  to   space 1536K, 0% used [0x00000000ebd00000,0x00000000ebd00000,0x00000000ebe80000)
 ParOldGen       total 68608K, used 66629K [0x00000000c0000000, 0x00000000c4300000, 0x00000000eab00000)
  object space 68608K, 97% used [0x00000000c0000000,0x00000000c41115a0,0x00000000c4300000)
 Metaspace       used 64298K, committed 65280K, reserved 1114112K
  class space    used 7399K, committed 7808K, reserved 1048576K
}

