# JRE version: OpenJDK Runtime Environment Temurin-17.0.7+7 (17.0.7+7) (build 17.0.7+7)
# Java VM: OpenJDK 64-Bit Server VM Temurin-17.0.7+7 (17.0.7+7, mixed mode, tiered, compressed oops, compressed class ptrs, parallel gc, windows-amd64)
GC Precious Log:
 CPUs: 16 total, 16 available
 Memory: 7421M
 Large Page Support: Disabled
 NUMA Support: Disabled
 Compressed Oops: Enabled (32-bit)
 Alignments: Space 512K, Generation 512K, Heap 2M
 Heap Min Capacity: 100M
 Heap Initial Capacity: 100M
 Heap Max Capacity: 1G
 Pre-touch: Disabled
 Parallel Workers: 13
Heap:
 PSYoungGen      total 11264K, used 7862K [0x00000000eab00000, 0x00000000eb980000, 0x0000000100000000)
  eden space 8192K, 63% used [0x00000000eab00000,0x00000000eb01dae0,0x00000000eb300000)
  from space 3072K, 85% used [0x00000000eb680000,0x00000000eb910000,0x00000000eb980000)
  to   space 3072K, 0% used [0x00000000eb380000,0x00000000eb380000,0x00000000eb680000)
 ParOldGen       total 194560K, used 177010K [0x00000000c0000000, 0x00000000cbe00000, 0x00000000eab00000)
  object space 194560K, 90% used [0x00000000c0000000,0x00000000cacdcaf8,0x00000000cbe00000)
 Metaspace       used 75982K, committed 77056K, reserved 1179648K
  class space    used 8131K, committed 8576K, reserved 1048576K
GC Heap History (20 events):
Event: 507.390 GC heap before
{Heap before GC invocations=266 (full 10):
 PSYoungGen      total 9216K, used 9216K [0x00000000eab00000, 0x00000000eb580000, 0x0000000100000000)
  eden space 8704K, 100% used [0x00000000eab00000,0x00000000eb380000,0x00000000eb380000)
  from space 512K, 100% used [0x00000000eb500000,0x00000000eb580000,0x00000000eb580000)
  to   space 1024K, 0% used [0x00000000eb380000,0x00000000eb380000,0x00000000eb480000)
 ParOldGen       total 194560K, used 175522K [0x00000000c0000000, 0x00000000cbe00000, 0x00000000eab00000)
  object space 194560K, 90% used [0x00000000c0000000,0x00000000cab68ad8,0x00000000cbe00000)
 Metaspace       used 75618K, committed 76672K, reserved 1179648K
  class space    used 8104K, committed 8576K, reserved 1048576K
}
Event: 507.395 GC heap after
{Heap after GC invocations=266 (full 10):
 PSYoungGen      total 9728K, used 1024K [0x00000000eab00000, 0x00000000eb680000, 0x0000000100000000)
  eden space 8704K, 0% used [0x00000000eab00000,0x00000000eab00000,0x00000000eb380000)
  from space 1024K, 100% used [0x00000000eb380000,0x00000000eb480000,0x00000000eb480000)
  to   space 1536K, 0% used [0x00000000eb500000,0x00000000eb500000,0x00000000eb680000)
 ParOldGen       total 194560K, used 175834K [0x00000000c0000000, 0x00000000cbe00000, 0x00000000eab00000)
  object space 194560K, 90% used [0x00000000c0000000,0x00000000cabb6af8,0x00000000cbe00000)
 Metaspace       used 75618K, committed 76672K, reserved 1179648K
  class space    used 8104K, committed 8576K, reserved 1048576K
}
Event: 507.588 GC heap before
{Heap before GC invocations=267 (full 10):
 PSYoungGen      total 9728K, used 9728K [0x00000000eab00000, 0x00000000eb680000, 0x0000000100000000)
  eden space 8704K, 100% used [0x00000000eab00000,0x00000000eb380000,0x00000000eb380000)
  from space 1024K, 100% used [0x00000000eb380000,0x00000000eb480000,0x00000000eb480000)
  to   space 1536K, 0% used [0x00000000eb500000,0x00000000eb500000,0x00000000eb680000)
 ParOldGen       total 194560K, used 175834K [0x00000000c0000000, 0x00000000cbe00000, 0x00000000eab00000)
  object space 194560K, 90% used [0x00000000c0000000,0x00000000cabb6af8,0x00000000cbe00000)
 Metaspace       used 75642K, committed 76672K, reserved 1179648K
  class space    used 8104K, committed 8576K, reserved 1048576K
}
Event: 507.591 GC heap after
{Heap after GC invocations=267 (full 10):
 PSYoungGen      total 9728K, used 1536K [0x00000000eab00000, 0x00000000eb780000, 0x0000000100000000)
  eden space 8192K, 0% used [0x00000000eab00000,0x00000000eab00000,0x00000000eb300000)
  from space 1536K, 100% used [0x00000000eb500000,0x00000000eb680000,0x00000000eb680000)
  to   space 2048K, 0% used [0x00000000eb300000,0x00000000eb300000,0x00000000eb500000)
 ParOldGen       total 194560K, used 175930K [0x00000000c0000000, 0x00000000cbe00000, 0x00000000eab00000)
  object space 194560K, 90% used [0x00000000c0000000,0x00000000cabceaf8,0x00000000cbe00000)
 Metaspace       used 75642K, committed 76672K, reserved 1179648K
  class space    used 8104K, committed 8576K, reserved 1048576K
}
Event: 507.783 GC heap before
{Heap before GC invocations=268 (full 10):
 PSYoungGen      total 9728K, used 9728K [0x00000000eab00000, 0x00000000eb780000, 0x0000000100000000)
  eden space 8192K, 100% used [0x00000000eab00000,0x00000000eb300000,0x00000000eb300000)
  from space 1536K, 100% used [0x00000000eb500000,0x00000000eb680000,0x00000000eb680000)
  to   space 2048K, 0% used [0x00000000eb300000,0x00000000eb300000,0x00000000eb500000)
 ParOldGen       total 194560K, used 175930K [0x00000000c0000000, 0x00000000cbe00000, 0x00000000eab00000)
  object space 194560K, 90% used [0x00000000c0000000,0x00000000cabceaf8,0x00000000cbe00000)
 Metaspace       used 75642K, committed 76672K, reserved 1179648K
  class space    used 8104K, committed 8576K, reserved 1048576K
}
Event: 507.786 GC heap after
{Heap after GC invocations=268 (full 10):
 PSYoungGen      total 10240K, used 2048K [0x00000000eab00000, 0x00000000eb800000, 0x0000000100000000)
  eden space 8192K, 0% used [0x00000000eab00000,0x00000000eab00000,0x00000000eb300000)
  from space 2048K, 100% used [0x00000000eb300000,0x00000000eb500000,0x00000000eb500000)
  to   space 2560K, 0% used [0x00000000eb580000,0x00000000eb580000,0x00000000eb800000)
 ParOldGen       total 194560K, used 176002K [0x00000000c0000000, 0x00000000cbe00000, 0x00000000eab00000)
  object space 194560K, 90% used [0x00000000c0000000,0x00000000cabe0af8,0x00000000cbe00000)
 Metaspace       used 75642K, committed 76672K, reserved 1179648K
  class space    used 8104K, committed 8576K, reserved 1048576K
}
Event: 507.923 GC heap before
{Heap before GC invocations=269 (full 10):
 PSYoungGen      total 10240K, used 10240K [0x00000000eab00000, 0x00000000eb800000, 0x0000000100000000)
  eden space 8192K, 100% used [0x00000000eab00000,0x00000000eb300000,0x00000000eb300000)
  from space 2048K, 100% used [0x00000000eb300000,0x00000000eb500000,0x00000000eb500000)
  to   space 2560K, 0% used [0x00000000eb580000,0x00000000eb580000,0x00000000eb800000)
 ParOldGen       total 194560K, used 176002K [0x00000000c0000000, 0x00000000cbe00000, 0x00000000eab00000)
  object space 194560K, 90% used [0x00000000c0000000,0x00000000cabe0af8,0x00000000cbe00000)
 Metaspace       used 75644K, committed 76672K, reserved 1179648K
  class space    used 8104K, committed 8576K, reserved 1048576K
}
Event: 507.926 GC heap after
{Heap after GC invocations=269 (full 10):
 PSYoungGen      total 10752K, used 2368K [0x00000000eab00000, 0x00000000eb800000, 0x0000000100000000)
  eden space 8192K, 0% used [0x00000000eab00000,0x00000000eab00000,0x00000000eb300000)
  from space 2560K, 92% used [0x00000000eb580000,0x00000000eb7d0000,0x00000000eb800000)
  to   space 2560K, 0% used [0x00000000eb300000,0x00000000eb300000,0x00000000eb580000)
 ParOldGen       total 194560K, used 176282K [0x00000000c0000000, 0x00000000cbe00000, 0x00000000eab00000)
  object space 194560K, 90% used [0x00000000c0000000,0x00000000cac26af8,0x00000000cbe00000)
 Metaspace       used 75644K, committed 76672K, reserved 1179648K
  class space    used 8104K, committed 8576K, reserved 1048576K
}
Event: 507.995 GC heap before
{Heap before GC invocations=270 (full 10):
 PSYoungGen      total 10752K, used 10560K [0x00000000eab00000, 0x00000000eb800000, 0x0000000100000000)
  eden space 8192K, 100% used [0x00000000eab00000,0x00000000eb300000,0x00000000eb300000)
  from space 2560K, 92% used [0x00000000eb580000,0x00000000eb7d0000,0x00000000eb800000)
  to   space 2560K, 0% used [0x00000000eb300000,0x00000000eb300000,0x00000000eb580000)
 ParOldGen       total 194560K, used 176282K [0x00000000c0000000, 0x00000000cbe00000, 0x00000000eab00000)
  object space 194560K, 90% used [0x00000000c0000000,0x00000000cac26af8,0x00000000cbe00000)
 Metaspace       used 75666K, committed 76736K, reserved 1179648K
  class space    used 8107K, committed 8576K, reserved 1048576K
}
Event: 507.996 GC heap after
{Heap after GC invocations=270 (full 10):
 PSYoungGen      total 10752K, used 2336K [0x00000000eab00000, 0x00000000eb800000, 0x0000000100000000)
  eden space 8192K, 0% used [0x00000000eab00000,0x00000000eab00000,0x00000000eb300000)
  from space 2560K, 91% used [0x00000000eb300000,0x00000000eb548000,0x00000000eb580000)
  to   space 2560K, 0% used [0x00000000eb580000,0x00000000eb580000,0x00000000eb800000)
 ParOldGen       total 194560K, used 176290K [0x00000000c0000000, 0x00000000cbe00000, 0x00000000eab00000)
  object space 194560K, 90% used [0x00000000c0000000,0x00000000cac28af8,0x00000000cbe00000)
 Metaspace       used 75666K, committed 76736K, reserved 1179648K
  class space    used 8107K, committed 8576K, reserved 1048576K
}
Event: 508.073 GC heap before
{Heap before GC invocations=271 (full 10):
 PSYoungGen      total 10752K, used 10528K [0x00000000eab00000, 0x00000000eb800000, 0x0000000100000000)
  eden space 8192K, 100% used [0x00000000eab00000,0x00000000eb300000,0x00000000eb300000)
  from space 2560K, 91% used [0x00000000eb300000,0x00000000eb548000,0x00000000eb580000)
  to   space 2560K, 0% used [0x00000000eb580000,0x00000000eb580000,0x00000000eb800000)
 ParOldGen       total 194560K, used 176290K [0x00000000c0000000, 0x00000000cbe00000, 0x00000000eab00000)
  object space 194560K, 90% used [0x00000000c0000000,0x00000000cac28af8,0x00000000cbe00000)
 Metaspace       used 75667K, committed 76736K, reserved 1179648K
  class space    used 8107K, committed 8576K, reserved 1048576K
}
Event: 508.075 GC heap after
{Heap after GC invocations=271 (full 10):
 PSYoungGen      total 10752K, used 2240K [0x00000000eab00000, 0x00000000eb800000, 0x0000000100000000)
  eden space 8192K, 0% used [0x00000000eab00000,0x00000000eab00000,0x00000000eb300000)
  from space 2560K, 87% used [0x00000000eb580000,0x00000000eb7b0000,0x00000000eb800000)
  to   space 2560K, 0% used [0x00000000eb300000,0x00000000eb300000,0x00000000eb580000)
 ParOldGen       total 194560K, used 176290K [0x00000000c0000000, 0x00000000cbe00000, 0x00000000eab00000)
  object space 194560K, 90% used [0x00000000c0000000,0x00000000cac28af8,0x00000000cbe00000)
 Metaspace       used 75667K, committed 76736K, reserved 1179648K
  class space    used 8107K, committed 8576K, reserved 1048576K
}
Event: 508.135 GC heap before
{Heap before GC invocations=272 (full 10):
 PSYoungGen      total 10752K, used 10432K [0x00000000eab00000, 0x00000000eb800000, 0x0000000100000000)
  eden space 8192K, 100% used [0x00000000eab00000,0x00000000eb300000,0x00000000eb300000)
  from space 2560K, 87% used [0x00000000eb580000,0x00000000eb7b0000,0x00000000eb800000)
  to   space 2560K, 0% used [0x00000000eb300000,0x00000000eb300000,0x00000000eb580000)
 ParOldGen       total 194560K, used 176290K [0x00000000c0000000, 0x00000000cbe00000, 0x00000000eab00000)
  object space 194560K, 90% used [0x00000000c0000000,0x00000000cac28af8,0x00000000cbe00000)
 Metaspace       used 75671K, committed 76736K, reserved 1179648K
  class space    used 8107K, committed 8576K, reserved 1048576K
}
Event: 508.136 GC heap after
{Heap after GC invocations=272 (full 10):
 PSYoungGen      total 10752K, used 2304K [0x00000000eab00000, 0x00000000eb800000, 0x0000000100000000)
  eden space 8192K, 0% used [0x00000000eab00000,0x00000000eab00000,0x00000000eb300000)
  from space 2560K, 90% used [0x00000000eb300000,0x00000000eb540000,0x00000000eb580000)
  to   space 2560K, 0% used [0x00000000eb580000,0x00000000eb580000,0x00000000eb800000)
 ParOldGen       total 194560K, used 176290K [0x00000000c0000000, 0x00000000cbe00000, 0x00000000eab00000)
  object space 194560K, 90% used [0x00000000c0000000,0x00000000cac28af8,0x00000000cbe00000)
 Metaspace       used 75671K, committed 76736K, reserved 1179648K
  class space    used 8107K, committed 8576K, reserved 1048576K
}
Event: 508.375 GC heap before
{Heap before GC invocations=273 (full 10):
 PSYoungGen      total 10752K, used 10496K [0x00000000eab00000, 0x00000000eb800000, 0x0000000100000000)
  eden space 8192K, 100% used [0x00000000eab00000,0x00000000eb300000,0x00000000eb300000)
  from space 2560K, 90% used [0x00000000eb300000,0x00000000eb540000,0x00000000eb580000)
  to   space 2560K, 0% used [0x00000000eb580000,0x00000000eb580000,0x00000000eb800000)
 ParOldGen       total 194560K, used 176290K [0x00000000c0000000, 0x00000000cbe00000, 0x00000000eab00000)
  object space 194560K, 90% used [0x00000000c0000000,0x00000000cac28af8,0x00000000cbe00000)
 Metaspace       used 75671K, committed 76736K, reserved 1179648K
  class space    used 8107K, committed 8576K, reserved 1048576K
}
Event: 508.376 GC heap after
{Heap after GC invocations=273 (full 10):
 PSYoungGen      total 10752K, used 2560K [0x00000000eab00000, 0x00000000eb800000, 0x0000000100000000)
  eden space 8192K, 0% used [0x00000000eab00000,0x00000000eab00000,0x00000000eb300000)
  from space 2560K, 100% used [0x00000000eb580000,0x00000000eb800000,0x00000000eb800000)
  to   space 2560K, 0% used [0x00000000eb300000,0x00000000eb300000,0x00000000eb580000)
 ParOldGen       total 194560K, used 176402K [0x00000000c0000000, 0x00000000cbe00000, 0x00000000eab00000)
  object space 194560K, 90% used [0x00000000c0000000,0x00000000cac44af8,0x00000000cbe00000)
 Metaspace       used 75671K, committed 76736K, reserved 1179648K
  class space    used 8107K, committed 8576K, reserved 1048576K
}
Event: 508.668 GC heap before
{Heap before GC invocations=274 (full 10):
 PSYoungGen      total 10752K, used 10752K [0x00000000eab00000, 0x00000000eb800000, 0x0000000100000000)
  eden space 8192K, 100% used [0x00000000eab00000,0x00000000eb300000,0x00000000eb300000)
  from space 2560K, 100% used [0x00000000eb580000,0x00000000eb800000,0x00000000eb800000)
  to   space 2560K, 0% used [0x00000000eb300000,0x00000000eb300000,0x00000000eb580000)
 ParOldGen       total 194560K, used 176402K [0x00000000c0000000, 0x00000000cbe00000, 0x00000000eab00000)
  object space 194560K, 90% used [0x00000000c0000000,0x00000000cac44af8,0x00000000cbe00000)
 Metaspace       used 75673K, committed 76736K, reserved 1179648K
  class space    used 8107K, committed 8576K, reserved 1048576K
}
Event: 508.671 GC heap after
{Heap after GC invocations=274 (full 10):
 PSYoungGen      total 10752K, used 2560K [0x00000000eab00000, 0x00000000eba00000, 0x0000000100000000)
  eden space 8192K, 0% used [0x00000000eab00000,0x00000000eab00000,0x00000000eb300000)
  from space 2560K, 100% used [0x00000000eb300000,0x00000000eb580000,0x00000000eb580000)
  to   space 3584K, 0% used [0x00000000eb680000,0x00000000eb680000,0x00000000eba00000)
 ParOldGen       total 194560K, used 176874K [0x00000000c0000000, 0x00000000cbe00000, 0x00000000eab00000)
  object space 194560K, 90% used [0x00000000c0000000,0x00000000cacbaaf8,0x00000000cbe00000)
 Metaspace       used 75673K, committed 76736K, reserved 1179648K
  class space    used 8107K, committed 8576K, reserved 1048576K
}
Event: 508.773 GC heap before
{Heap before GC invocations=275 (full 10):
 PSYoungGen      total 10752K, used 10752K [0x00000000eab00000, 0x00000000eba00000, 0x0000000100000000)
  eden space 8192K, 100% used [0x00000000eab00000,0x00000000eb300000,0x00000000eb300000)
  from space 2560K, 100% used [0x00000000eb300000,0x00000000eb580000,0x00000000eb580000)
  to   space 3584K, 0% used [0x00000000eb680000,0x00000000eb680000,0x00000000eba00000)
 ParOldGen       total 194560K, used 176874K [0x00000000c0000000, 0x00000000cbe00000, 0x00000000eab00000)
  object space 194560K, 90% used [0x00000000c0000000,0x00000000cacbaaf8,0x00000000cbe00000)
 Metaspace       used 75673K, committed 76736K, reserved 1179648K
  class space    used 8107K, committed 8576K, reserved 1048576K
}
Event: 508.775 GC heap after
{Heap after GC invocations=275 (full 10):
 PSYoungGen      total 11264K, used 2624K [0x00000000eab00000, 0x00000000eb980000, 0x0000000100000000)
  eden space 8192K, 0% used [0x00000000eab00000,0x00000000eab00000,0x00000000eb300000)
  from space 3072K, 85% used [0x00000000eb680000,0x00000000eb910000,0x00000000eb980000)
  to   space 3072K, 0% used [0x00000000eb380000,0x00000000eb380000,0x00000000eb680000)
 ParOldGen       total 194560K, used 177010K [0x00000000c0000000, 0x00000000cbe00000, 0x00000000eab00000)
  object space 194560K, 90% used [0x00000000c0000000,0x00000000cacdcaf8,0x00000000cbe00000)
 Metaspace       used 75673K, committed 76736K, reserved 1179648K
  class space    used 8107K, committed 8576K, reserved 1048576K
}

