# JRE version: OpenJDK Runtime Environment Microsoft-8035250 (11.0.20+8) (build 11.0.20+8-LTS)
# Java VM: OpenJDK 64-Bit Server VM Microsoft-8035250 (11.0.20+8-LTS, mixed mode, tiered, compressed oops, g1 gc, windows-amd64)
Heap:
 garbage-first heap   total 201728K, used 127804K [0x000000008c000000, 0x0000000100000000)
  region size 1024K, 62 young (63488K), 9 survivors (9216K)
 Metaspace       used 69947K, capacity 70814K, committed 71040K, reserved 1112064K
  class space    used 7628K, capacity 7987K, committed 8064K, reserved 1048576K
GC Heap History (20 events):
Event: 1.282 GC heap before
{Heap before GC invocations=1 (full 0):
 garbage-first heap   total 118784K, used 42595K [0x000000008c000000, 0x0000000100000000)
  region size 1024K, 40 young (40960K), 3 survivors (3072K)
 Metaspace       used 20942K, capacity 21138K, committed 21248K, reserved 1069056K
  class space    used 2177K, capacity 2243K, committed 2304K, reserved 1048576K
}
Event: 1.298 GC heap after
{Heap after GC invocations=2 (full 0):
 garbage-first heap   total 118784K, used 9216K [0x000000008c000000, 0x0000000100000000)
  region size 1024K, 6 young (6144K), 6 survivors (6144K)
 Metaspace       used 20942K, capacity 21138K, committed 21248K, reserved 1069056K
  class space    used 2177K, capacity 2243K, committed 2304K, reserved 1048576K
}
Event: 2.283 GC heap before
{Heap before GC invocations=3 (full 0):
 garbage-first heap   total 118784K, used 63488K [0x000000008c000000, 0x0000000100000000)
  region size 1024K, 54 young (55296K), 6 survivors (6144K)
 Metaspace       used 32108K, capacity 32538K, committed 32896K, reserved 1077248K
  class space    used 3926K, capacity 4116K, committed 4224K, reserved 1048576K
}
Event: 2.311 GC heap after
{Heap after GC invocations=4 (full 0):
 garbage-first heap   total 118784K, used 20516K [0x000000008c000000, 0x0000000100000000)
  region size 1024K, 7 young (7168K), 7 survivors (7168K)
 Metaspace       used 32108K, capacity 32538K, committed 32896K, reserved 1077248K
  class space    used 3926K, capacity 4116K, committed 4224K, reserved 1048576K
}
Event: 2.548 GC heap before
{Heap before GC invocations=4 (full 0):
 garbage-first heap   total 118784K, used 34852K [0x000000008c000000, 0x0000000100000000)
  region size 1024K, 22 young (22528K), 7 survivors (7168K)
 Metaspace       used 35366K, capacity 35786K, committed 35840K, reserved 1081344K
  class space    used 4291K, capacity 4474K, committed 4480K, reserved 1048576K
}
Event: 2.559 GC heap after
{Heap after GC invocations=5 (full 0):
 garbage-first heap   total 118784K, used 22274K [0x000000008c000000, 0x0000000100000000)
  region size 1024K, 2 young (2048K), 2 survivors (2048K)
 Metaspace       used 35366K, capacity 35786K, committed 35840K, reserved 1081344K
  class space    used 4291K, capacity 4474K, committed 4480K, reserved 1048576K
}
Event: 3.099 GC heap before
{Heap before GC invocations=6 (full 0):
 garbage-first heap   total 118784K, used 64258K [0x000000008c000000, 0x0000000100000000)
  region size 1024K, 43 young (44032K), 2 survivors (2048K)
 Metaspace       used 44070K, capacity 44533K, committed 44800K, reserved 1089536K
  class space    used 5119K, capacity 5293K, committed 5376K, reserved 1048576K
}
Event: 3.108 GC heap after
{Heap after GC invocations=7 (full 0):
 garbage-first heap   total 151552K, used 24057K [0x000000008c000000, 0x0000000100000000)
  region size 1024K, 6 young (6144K), 6 survivors (6144K)
 Metaspace       used 44070K, capacity 44533K, committed 44800K, reserved 1089536K
  class space    used 5119K, capacity 5293K, committed 5376K, reserved 1048576K
}
Event: 3.968 GC heap before
{Heap before GC invocations=7 (full 0):
 garbage-first heap   total 151552K, used 82425K [0x000000008c000000, 0x0000000100000000)
  region size 1024K, 60 young (61440K), 6 survivors (6144K)
 Metaspace       used 50327K, capacity 50902K, committed 51072K, reserved 1093632K
  class space    used 5768K, capacity 5998K, committed 6016K, reserved 1048576K
}
Event: 3.988 GC heap after
{Heap after GC invocations=8 (full 0):
 garbage-first heap   total 151552K, used 34193K [0x000000008c000000, 0x0000000100000000)
  region size 1024K, 8 young (8192K), 8 survivors (8192K)
 Metaspace       used 50327K, capacity 50902K, committed 51072K, reserved 1093632K
  class space    used 5768K, capacity 5998K, committed 6016K, reserved 1048576K
}
Event: 5.458 GC heap before
{Heap before GC invocations=8 (full 0):
 garbage-first heap   total 151552K, used 92561K [0x000000008c000000, 0x0000000100000000)
  region size 1024K, 66 young (67584K), 8 survivors (8192K)
 Metaspace       used 59296K, capacity 60070K, committed 60160K, reserved 1101824K
  class space    used 6763K, capacity 7094K, committed 7168K, reserved 1048576K
}
Event: 5.484 GC heap after
{Heap after GC invocations=9 (full 0):
 garbage-first heap   total 151552K, used 40960K [0x000000008c000000, 0x0000000100000000)
  region size 1024K, 9 young (9216K), 9 survivors (9216K)
 Metaspace       used 59296K, capacity 60070K, committed 60160K, reserved 1101824K
  class space    used 6763K, capacity 7094K, committed 7168K, reserved 1048576K
}
Event: 6.385 GC heap before
{Heap before GC invocations=10 (full 0):
 garbage-first heap   total 151552K, used 99328K [0x000000008c000000, 0x0000000100000000)
  region size 1024K, 66 young (67584K), 9 survivors (9216K)
 Metaspace       used 60715K, capacity 61532K, committed 61824K, reserved 1103872K
  class space    used 6841K, capacity 7171K, committed 7296K, reserved 1048576K
}
Event: 6.426 GC heap after
{Heap after GC invocations=11 (full 0):
 garbage-first heap   total 151552K, used 51841K [0x000000008c000000, 0x0000000100000000)
  region size 1024K, 9 young (9216K), 9 survivors (9216K)
 Metaspace       used 60715K, capacity 61532K, committed 61824K, reserved 1103872K
  class space    used 6841K, capacity 7171K, committed 7296K, reserved 1048576K
}
Event: 7.067 GC heap before
{Heap before GC invocations=11 (full 0):
 garbage-first heap   total 151552K, used 104065K [0x000000008c000000, 0x0000000100000000)
  region size 1024K, 60 young (61440K), 9 survivors (9216K)
 Metaspace       used 62000K, capacity 62763K, committed 62976K, reserved 1105920K
  class space    used 6982K, capacity 7304K, committed 7424K, reserved 1048576K
}
Event: 7.117 GC heap after
{Heap after GC invocations=12 (full 0):
 garbage-first heap   total 201728K, used 60928K [0x000000008c000000, 0x0000000100000000)
  region size 1024K, 8 young (8192K), 8 survivors (8192K)
 Metaspace       used 62000K, capacity 62763K, committed 62976K, reserved 1105920K
  class space    used 6982K, capacity 7304K, committed 7424K, reserved 1048576K
}
Event: 7.614 GC heap before
{Heap before GC invocations=12 (full 0):
 garbage-first heap   total 201728K, used 126464K [0x000000008c000000, 0x0000000100000000)
  region size 1024K, 72 young (73728K), 8 survivors (8192K)
 Metaspace       used 62701K, capacity 63551K, committed 63744K, reserved 1105920K
  class space    used 7028K, capacity 7374K, committed 7424K, reserved 1048576K
}
Event: 7.631 GC heap after
{Heap after GC invocations=13 (full 0):
 garbage-first heap   total 201728K, used 65441K [0x000000008c000000, 0x0000000100000000)
  region size 1024K, 4 young (4096K), 4 survivors (4096K)
 Metaspace       used 62701K, capacity 63551K, committed 63744K, reserved 1105920K
  class space    used 7028K, capacity 7374K, committed 7424K, reserved 1048576K
}
Event: 9.550 GC heap before
{Heap before GC invocations=13 (full 0):
 garbage-first heap   total 201728K, used 135073K [0x000000008c000000, 0x0000000100000000)
  region size 1024K, 71 young (72704K), 4 survivors (4096K)
 Metaspace       used 68671K, capacity 69533K, committed 69632K, reserved 1112064K
  class space    used 7557K, capacity 7910K, committed 7936K, reserved 1048576K
}
Event: 9.575 GC heap after
{Heap after GC invocations=14 (full 0):
 garbage-first heap   total 201728K, used 72508K [0x000000008c000000, 0x0000000100000000)
  region size 1024K, 9 young (9216K), 9 survivors (9216K)
 Metaspace       used 68671K, capacity 69533K, committed 69632K, reserved 1112064K
  class space    used 7557K, capacity 7910K, committed 7936K, reserved 1048576K
}

