# JRE version: OpenJDK Runtime Environment Microsoft-8035250 (11.0.20+8) (build 11.0.20+8-LTS)
# Java VM: OpenJDK 64-Bit Server VM Microsoft-8035250 (11.0.20+8-LTS, mixed mode, tiered, compressed oops, g1 gc, windows-amd64)
Heap:
 garbage-first heap   total 207872K, used 91648K [0x000000008c000000, 0x0000000100000000)
  region size 1024K, 44 young (45056K), 7 survivors (7168K)
 Metaspace       used 68735K, capacity 69599K, committed 69888K, reserved 1112064K
  class space    used 7600K, capacity 7965K, committed 8012K, reserved 1048576K
GC Heap History (18 events):
Event: 0.610 GC heap before
{Heap before GC invocations=0 (full 0):
 garbage-first heap   total 118784K, used 27648K [0x000000008c000000, 0x0000000100000000)
  region size 1024K, 24 young (24576K), 0 survivors (0K)
 Metaspace       used 12327K, capacity 12472K, committed 12800K, reserved 1060864K
  class space    used 1140K, capacity 1175K, committed 1280K, reserved 1048576K
}
Event: 0.616 GC heap after
{Heap after GC invocations=1 (full 0):
 garbage-first heap   total 118784K, used 5863K [0x000000008c000000, 0x0000000100000000)
  region size 1024K, 3 young (3072K), 3 survivors (3072K)
 Metaspace       used 12327K, capacity 12472K, committed 12800K, reserved 1060864K
  class space    used 1140K, capacity 1175K, committed 1280K, reserved 1048576K
}
Event: 1.226 GC heap before
{Heap before GC invocations=1 (full 0):
 garbage-first heap   total 118784K, used 41703K [0x000000008c000000, 0x0000000100000000)
  region size 1024K, 39 young (39936K), 3 survivors (3072K)
 Metaspace       used 20977K, capacity 21176K, committed 21248K, reserved 1069056K
  class space    used 2182K, capacity 2278K, committed 2304K, reserved 1048576K
}
Event: 1.239 GC heap after
{Heap after GC invocations=2 (full 0):
 garbage-first heap   total 118784K, used 9155K [0x000000008c000000, 0x0000000100000000)
  region size 1024K, 6 young (6144K), 6 survivors (6144K)
 Metaspace       used 20977K, capacity 21176K, committed 21248K, reserved 1069056K
  class space    used 2182K, capacity 2278K, committed 2304K, reserved 1048576K
}
Event: 2.079 GC heap before
{Heap before GC invocations=3 (full 0):
 garbage-first heap   total 118784K, used 62403K [0x000000008c000000, 0x0000000100000000)
  region size 1024K, 53 young (54272K), 6 survivors (6144K)
 Metaspace       used 32253K, capacity 32697K, committed 32896K, reserved 1077248K
  class space    used 3976K, capacity 4150K, committed 4224K, reserved 1048576K
}
Event: 2.105 GC heap after
{Heap after GC invocations=4 (full 0):
 garbage-first heap   total 118784K, used 20492K [0x000000008c000000, 0x0000000100000000)
  region size 1024K, 7 young (7168K), 7 survivors (7168K)
 Metaspace       used 32253K, capacity 32697K, committed 32896K, reserved 1077248K
  class space    used 3976K, capacity 4150K, committed 4224K, reserved 1048576K
}
Event: 2.350 GC heap before
{Heap before GC invocations=4 (full 0):
 garbage-first heap   total 118784K, used 33804K [0x000000008c000000, 0x0000000100000000)
  region size 1024K, 21 young (21504K), 7 survivors (7168K)
 Metaspace       used 35290K, capacity 35722K, committed 35840K, reserved 1081344K
  class space    used 4295K, capacity 4474K, committed 4480K, reserved 1048576K
}
Event: 2.372 GC heap after
{Heap after GC invocations=5 (full 0):
 garbage-first heap   total 118784K, used 20472K [0x000000008c000000, 0x0000000100000000)
  region size 1024K, 2 young (2048K), 2 survivors (2048K)
 Metaspace       used 35290K, capacity 35722K, committed 35840K, reserved 1081344K
  class space    used 4295K, capacity 4474K, committed 4480K, reserved 1048576K
}
Event: 3.163 GC heap before
{Heap before GC invocations=6 (full 0):
 garbage-first heap   total 118784K, used 62456K [0x000000008c000000, 0x0000000100000000)
  region size 1024K, 43 young (44032K), 2 survivors (2048K)
 Metaspace       used 44350K, capacity 44800K, committed 45132K, reserved 1089536K
  class space    used 5162K, capacity 5337K, committed 5452K, reserved 1048576K
}
Event: 3.177 GC heap after
{Heap after GC invocations=7 (full 0):
 garbage-first heap   total 158720K, used 23809K [0x000000008c000000, 0x0000000100000000)
  region size 1024K, 6 young (6144K), 6 survivors (6144K)
 Metaspace       used 44350K, capacity 44800K, committed 45132K, reserved 1089536K
  class space    used 5162K, capacity 5337K, committed 5452K, reserved 1048576K
}
Event: 4.254 GC heap before
{Heap before GC invocations=7 (full 0):
 garbage-first heap   total 158720K, used 83201K [0x000000008c000000, 0x0000000100000000)
  region size 1024K, 61 young (62464K), 6 survivors (6144K)
 Metaspace       used 53657K, capacity 54318K, committed 54604K, reserved 1097728K
  class space    used 6336K, capacity 6612K, committed 6732K, reserved 1048576K
}
Event: 4.269 GC heap after
{Heap after GC invocations=8 (full 0):
 garbage-first heap   total 158720K, used 30911K [0x000000008c000000, 0x0000000100000000)
  region size 1024K, 8 young (8192K), 8 survivors (8192K)
 Metaspace       used 53657K, capacity 54318K, committed 54604K, reserved 1097728K
  class space    used 6336K, capacity 6612K, committed 6732K, reserved 1048576K
}
Event: 5.333 GC heap before
{Heap before GC invocations=8 (full 0):
 garbage-first heap   total 158720K, used 75967K [0x000000008c000000, 0x0000000100000000)
  region size 1024K, 53 young (54272K), 8 survivors (8192K)
 Metaspace       used 59365K, capacity 60116K, committed 60288K, reserved 1101824K
  class space    used 6927K, capacity 7255K, committed 7372K, reserved 1048576K
}
Event: 5.360 GC heap after
{Heap after GC invocations=9 (full 0):
 garbage-first heap   total 158720K, used 36812K [0x000000008c000000, 0x0000000100000000)
  region size 1024K, 10 young (10240K), 10 survivors (10240K)
 Metaspace       used 59365K, capacity 60116K, committed 60288K, reserved 1101824K
  class space    used 6927K, capacity 7255K, committed 7372K, reserved 1048576K
}
Event: 6.419 GC heap before
{Heap before GC invocations=10 (full 0):
 garbage-first heap   total 158720K, used 96204K [0x000000008c000000, 0x0000000100000000)
  region size 1024K, 68 young (69632K), 10 survivors (10240K)
 Metaspace       used 61738K, capacity 62509K, committed 62720K, reserved 1103872K
  class space    used 7114K, capacity 7433K, committed 7500K, reserved 1048576K
}
Event: 6.457 GC heap after
{Heap after GC invocations=11 (full 0):
 garbage-first heap   total 158720K, used 45743K [0x000000008c000000, 0x0000000100000000)
  region size 1024K, 9 young (9216K), 9 survivors (9216K)
 Metaspace       used 61738K, capacity 62509K, committed 62720K, reserved 1103872K
  class space    used 7114K, capacity 7433K, committed 7500K, reserved 1048576K
}
Event: 8.540 GC heap before
{Heap before GC invocations=11 (full 0):
 garbage-first heap   total 158720K, used 104111K [0x000000008c000000, 0x0000000100000000)
  region size 1024K, 66 young (67584K), 9 survivors (9216K)
 Metaspace       used 66766K, capacity 67624K, committed 67712K, reserved 1110016K
  class space    used 7448K, capacity 7800K, committed 7884K, reserved 1048576K
}
Event: 8.571 GC heap after
{Heap after GC invocations=12 (full 0):
 garbage-first heap   total 207872K, used 53760K [0x000000008c000000, 0x0000000100000000)
  region size 1024K, 7 young (7168K), 7 survivors (7168K)
 Metaspace       used 66766K, capacity 67624K, committed 67712K, reserved 1110016K
  class space    used 7448K, capacity 7800K, committed 7884K, reserved 1048576K
}

