# JRE version: OpenJDK Runtime Environment Microsoft-8035250 (11.0.20+8) (build 11.0.20+8-LTS)
# Java VM: OpenJDK 64-Bit Server VM Microsoft-8035250 (11.0.20+8-LTS, mixed mode, tiered, compressed oops, g1 gc, windows-amd64)
Heap:
 garbage-first heap   total 207872K, used 110592K [0x000000008c000000, 0x0000000100000000)
  region size 1024K, 34 young (34816K), 7 survivors (7168K)
 Metaspace       used 70560K, capacity 71435K, committed 71552K, reserved 1112064K
  class space    used 7643K, capacity 8021K, committed 8064K, reserved 1048576K
GC Heap History (20 events):
Event: 1.828 GC heap before
{Heap before GC invocations=3 (full 0):
 garbage-first heap   total 118784K, used 64687K [0x000000008c000000, 0x0000000100000000)
  region size 1024K, 56 young (57344K), 7 survivors (7168K)
 Metaspace       used 32315K, capacity 32765K, committed 32896K, reserved 1077248K
  class space    used 3958K, capacity 4149K, committed 4224K, reserved 1048576K
}
Event: 1.848 GC heap after
{Heap after GC invocations=4 (full 0):
 garbage-first heap   total 118784K, used 20736K [0x000000008c000000, 0x0000000100000000)
  region size 1024K, 7 young (7168K), 7 survivors (7168K)
 Metaspace       used 32315K, capacity 32765K, committed 32896K, reserved 1077248K
  class space    used 3958K, capacity 4149K, committed 4224K, reserved 1048576K
}
Event: 2.043 GC heap before
{Heap before GC invocations=4 (full 0):
 garbage-first heap   total 118784K, used 34048K [0x000000008c000000, 0x0000000100000000)
  region size 1024K, 21 young (21504K), 7 survivors (7168K)
 Metaspace       used 35365K, capacity 35786K, committed 35840K, reserved 1081344K
  class space    used 4294K, capacity 4474K, committed 4480K, reserved 1048576K
}
Event: 2.058 GC heap after
{Heap after GC invocations=5 (full 0):
 garbage-first heap   total 118784K, used 22554K [0x000000008c000000, 0x0000000100000000)
  region size 1024K, 2 young (2048K), 2 survivors (2048K)
 Metaspace       used 35365K, capacity 35786K, committed 35840K, reserved 1081344K
  class space    used 4294K, capacity 4474K, committed 4480K, reserved 1048576K
}
Event: 2.614 GC heap before
{Heap before GC invocations=6 (full 0):
 garbage-first heap   total 118784K, used 63514K [0x000000008c000000, 0x0000000100000000)
  region size 1024K, 42 young (43008K), 2 survivors (2048K)
 Metaspace       used 43627K, capacity 44041K, committed 44288K, reserved 1087488K
  class space    used 5092K, capacity 5259K, committed 5376K, reserved 1048576K
}
Event: 2.622 GC heap after
{Heap after GC invocations=7 (full 0):
 garbage-first heap   total 153600K, used 24043K [0x000000008c000000, 0x0000000100000000)
  region size 1024K, 5 young (5120K), 5 survivors (5120K)
 Metaspace       used 43627K, capacity 44041K, committed 44288K, reserved 1087488K
  class space    used 5092K, capacity 5259K, committed 5376K, reserved 1048576K
}
Event: 3.421 GC heap before
{Heap before GC invocations=7 (full 0):
 garbage-first heap   total 153600K, used 86507K [0x000000008c000000, 0x0000000100000000)
  region size 1024K, 63 young (64512K), 5 survivors (5120K)
 Metaspace       used 50306K, capacity 50838K, committed 51072K, reserved 1093632K
  class space    used 5768K, capacity 5998K, committed 6016K, reserved 1048576K
}
Event: 3.440 GC heap after
{Heap after GC invocations=8 (full 0):
 garbage-first heap   total 153600K, used 34084K [0x000000008c000000, 0x0000000100000000)
  region size 1024K, 8 young (8192K), 8 survivors (8192K)
 Metaspace       used 50306K, capacity 50838K, committed 51072K, reserved 1093632K
  class space    used 5768K, capacity 5998K, committed 6016K, reserved 1048576K
}
Event: 4.722 GC heap before
{Heap before GC invocations=8 (full 0):
 garbage-first heap   total 153600K, used 89380K [0x000000008c000000, 0x0000000100000000)
  region size 1024K, 63 young (64512K), 8 survivors (8192K)
 Metaspace       used 59296K, capacity 60070K, committed 60160K, reserved 1101824K
  class space    used 6763K, capacity 7094K, committed 7168K, reserved 1048576K
}
Event: 4.751 GC heap after
{Heap after GC invocations=9 (full 0):
 garbage-first heap   total 153600K, used 41897K [0x000000008c000000, 0x0000000100000000)
  region size 1024K, 8 young (8192K), 8 survivors (8192K)
 Metaspace       used 59296K, capacity 60070K, committed 60160K, reserved 1101824K
  class space    used 6763K, capacity 7094K, committed 7168K, reserved 1048576K
}
Event: 5.506 GC heap before
{Heap before GC invocations=10 (full 0):
 garbage-first heap   total 153600K, used 99241K [0x000000008c000000, 0x0000000100000000)
  region size 1024K, 64 young (65536K), 8 survivors (8192K)
 Metaspace       used 60673K, capacity 61468K, committed 61824K, reserved 1103872K
  class space    used 6841K, capacity 7171K, committed 7296K, reserved 1048576K
}
Event: 5.536 GC heap after
{Heap after GC invocations=11 (full 0):
 garbage-first heap   total 153600K, used 51639K [0x000000008c000000, 0x0000000100000000)
  region size 1024K, 8 young (8192K), 8 survivors (8192K)
 Metaspace       used 60673K, capacity 61468K, committed 61824K, reserved 1103872K
  class space    used 6841K, capacity 7171K, committed 7296K, reserved 1048576K
}
Event: 5.999 GC heap before
{Heap before GC invocations=11 (full 0):
 garbage-first heap   total 153600K, used 105911K [0x000000008c000000, 0x0000000100000000)
  region size 1024K, 61 young (62464K), 8 survivors (8192K)
 Metaspace       used 61969K, capacity 62763K, committed 62976K, reserved 1105920K
  class space    used 6982K, capacity 7304K, committed 7424K, reserved 1048576K
}
Event: 6.028 GC heap after
{Heap after GC invocations=12 (full 0):
 garbage-first heap   total 207872K, used 61440K [0x000000008c000000, 0x0000000100000000)
  region size 1024K, 8 young (8192K), 8 survivors (8192K)
 Metaspace       used 61969K, capacity 62763K, committed 62976K, reserved 1105920K
  class space    used 6982K, capacity 7304K, committed 7424K, reserved 1048576K
}
Event: 6.516 GC heap before
{Heap before GC invocations=12 (full 0):
 garbage-first heap   total 207872K, used 131072K [0x000000008c000000, 0x0000000100000000)
  region size 1024K, 76 young (77824K), 8 survivors (8192K)
 Metaspace       used 63219K, capacity 64044K, committed 64256K, reserved 1105920K
  class space    used 7086K, capacity 7411K, committed 7424K, reserved 1048576K
}
Event: 6.533 GC heap after
{Heap after GC invocations=13 (full 0):
 garbage-first heap   total 207872K, used 66357K [0x000000008c000000, 0x0000000100000000)
  region size 1024K, 5 young (5120K), 5 survivors (5120K)
 Metaspace       used 63219K, capacity 64044K, committed 64256K, reserved 1105920K
  class space    used 7086K, capacity 7411K, committed 7424K, reserved 1048576K
}
Event: 8.229 GC heap before
{Heap before GC invocations=13 (full 0):
 garbage-first heap   total 207872K, used 140085K [0x000000008c000000, 0x0000000100000000)
  region size 1024K, 76 young (77824K), 5 survivors (5120K)
 Metaspace       used 68987K, capacity 69891K, committed 70016K, reserved 1112064K
  class space    used 7581K, capacity 7944K, committed 8064K, reserved 1048576K
}
Event: 8.250 GC heap after
{Heap after GC invocations=14 (full 0):
 garbage-first heap   total 207872K, used 74540K [0x000000008c000000, 0x0000000100000000)
  region size 1024K, 10 young (10240K), 10 survivors (10240K)
 Metaspace       used 68987K, capacity 69891K, committed 70016K, reserved 1112064K
  class space    used 7581K, capacity 7944K, committed 8064K, reserved 1048576K
}
Event: 9.923 GC heap before
{Heap before GC invocations=14 (full 0):
 garbage-first heap   total 207872K, used 151340K [0x000000008c000000, 0x0000000100000000)
  region size 1024K, 83 young (84992K), 10 survivors (10240K)
 Metaspace       used 70298K, capacity 71179K, committed 71296K, reserved 1112064K
  class space    used 7641K, capacity 8021K, committed 8064K, reserved 1048576K
}
Event: 9.949 GC heap after
{Heap after GC invocations=15 (full 0):
 garbage-first heap   total 207872K, used 83968K [0x000000008c000000, 0x0000000100000000)
  region size 1024K, 7 young (7168K), 7 survivors (7168K)
 Metaspace       used 70298K, capacity 71179K, committed 71296K, reserved 1112064K
  class space    used 7641K, capacity 8021K, committed 8064K, reserved 1048576K
}

