# JRE version: OpenJDK Runtime Environment Microsoft-8035250 (11.0.20+8) (build 11.0.20+8-LTS)
# Java VM: OpenJDK 64-Bit Server VM Microsoft-8035250 (11.0.20+8-LTS, mixed mode, tiered, compressed oops, g1 gc, windows-amd64)
Heap:
 garbage-first heap   total 198656K, used 140162K [0x000000008c000000, 0x0000000100000000)
  region size 1024K, 85 young (87040K), 10 survivors (10240K)
 Metaspace       used 87567K, capacity 88445K, committed 88576K, reserved 1128448K
  class space    used 9367K, capacity 9730K, committed 9804K, reserved 1048576K
GC Heap History (20 events):
Event: 1.016 GC heap before
{Heap before GC invocations=1 (full 0):
 garbage-first heap   total 118784K, used 41687K [0x000000008c000000, 0x0000000100000000)
  region size 1024K, 39 young (39936K), 3 survivors (3072K)
 Metaspace       used 20969K, capacity 21182K, committed 21248K, reserved 1069056K
  class space    used 2188K, capacity 2280K, committed 2304K, reserved 1048576K
}
Event: 1.027 GC heap after
{Heap after GC invocations=2 (full 0):
 garbage-first heap   total 118784K, used 9154K [0x000000008c000000, 0x0000000100000000)
  region size 1024K, 6 young (6144K), 6 survivors (6144K)
 Metaspace       used 20969K, capacity 21182K, committed 21248K, reserved 1069056K
  class space    used 2188K, capacity 2280K, committed 2304K, reserved 1048576K
}
Event: 1.853 GC heap before
{Heap before GC invocations=3 (full 0):
 garbage-first heap   total 118784K, used 63426K [0x000000008c000000, 0x0000000100000000)
  region size 1024K, 54 young (55296K), 6 survivors (6144K)
 Metaspace       used 32527K, capacity 33017K, committed 33152K, reserved 1079296K
  class space    used 4014K, capacity 4214K, committed 4224K, reserved 1048576K
}
Event: 1.871 GC heap after
{Heap after GC invocations=4 (full 0):
 garbage-first heap   total 118784K, used 20617K [0x000000008c000000, 0x0000000100000000)
  region size 1024K, 7 young (7168K), 7 survivors (7168K)
 Metaspace       used 32527K, capacity 33017K, committed 33152K, reserved 1079296K
  class space    used 4014K, capacity 4214K, committed 4224K, reserved 1048576K
}
Event: 2.043 GC heap before
{Heap before GC invocations=4 (full 0):
 garbage-first heap   total 118784K, used 32905K [0x000000008c000000, 0x0000000100000000)
  region size 1024K, 20 young (20480K), 7 survivors (7168K)
 Metaspace       used 35286K, capacity 35722K, committed 35840K, reserved 1081344K
  class space    used 4296K, capacity 4474K, committed 4480K, reserved 1048576K
}
Event: 2.053 GC heap after
{Heap after GC invocations=5 (full 0):
 garbage-first heap   total 118784K, used 20218K [0x000000008c000000, 0x0000000100000000)
  region size 1024K, 2 young (2048K), 2 survivors (2048K)
 Metaspace       used 35286K, capacity 35722K, committed 35840K, reserved 1081344K
  class space    used 4296K, capacity 4474K, committed 4480K, reserved 1048576K
}
Event: 2.682 GC heap before
{Heap before GC invocations=6 (full 0):
 garbage-first heap   total 118784K, used 62202K [0x000000008c000000, 0x0000000100000000)
  region size 1024K, 43 young (44032K), 2 survivors (2048K)
 Metaspace       used 44405K, capacity 44914K, committed 45132K, reserved 1089536K
  class space    used 5177K, capacity 5376K, committed 5452K, reserved 1048576K
}
Event: 2.692 GC heap after
{Heap after GC invocations=7 (full 0):
 garbage-first heap   total 147456K, used 23802K [0x000000008c000000, 0x0000000100000000)
  region size 1024K, 5 young (5120K), 5 survivors (5120K)
 Metaspace       used 44405K, capacity 44914K, committed 45132K, reserved 1089536K
  class space    used 5177K, capacity 5376K, committed 5452K, reserved 1048576K
}
Event: 3.504 GC heap before
{Heap before GC invocations=7 (full 0):
 garbage-first heap   total 147456K, used 80122K [0x000000008c000000, 0x0000000100000000)
  region size 1024K, 57 young (58368K), 5 survivors (5120K)
 Metaspace       used 53606K, capacity 54318K, committed 54604K, reserved 1097728K
  class space    used 6331K, capacity 6612K, committed 6732K, reserved 1048576K
}
Event: 3.518 GC heap after
{Heap after GC invocations=8 (full 0):
 garbage-first heap   total 147456K, used 30322K [0x000000008c000000, 0x0000000100000000)
  region size 1024K, 8 young (8192K), 8 survivors (8192K)
 Metaspace       used 53606K, capacity 54318K, committed 54604K, reserved 1097728K
  class space    used 6331K, capacity 6612K, committed 6732K, reserved 1048576K
}
Event: 4.385 GC heap before
{Heap before GC invocations=8 (full 0):
 garbage-first heap   total 147456K, used 78450K [0x000000008c000000, 0x0000000100000000)
  region size 1024K, 56 young (57344K), 8 survivors (8192K)
 Metaspace       used 59353K, capacity 60116K, committed 60288K, reserved 1101824K
  class space    used 6922K, capacity 7255K, committed 7372K, reserved 1048576K
}
Event: 4.416 GC heap after
{Heap after GC invocations=9 (full 0):
 garbage-first heap   total 147456K, used 36079K [0x000000008c000000, 0x0000000100000000)
  region size 1024K, 8 young (8192K), 8 survivors (8192K)
 Metaspace       used 59353K, capacity 60116K, committed 60288K, reserved 1101824K
  class space    used 6922K, capacity 7255K, committed 7372K, reserved 1048576K
}
Event: 5.209 GC heap before
{Heap before GC invocations=10 (full 0):
 garbage-first heap   total 147456K, used 90351K [0x000000008c000000, 0x0000000100000000)
  region size 1024K, 61 young (62464K), 8 survivors (8192K)
 Metaspace       used 60938K, capacity 61719K, committed 61824K, reserved 1103872K
  class space    used 7021K, capacity 7362K, committed 7372K, reserved 1048576K
}
Event: 5.236 GC heap after
{Heap after GC invocations=11 (full 0):
 garbage-first heap   total 147456K, used 45013K [0x000000008c000000, 0x0000000100000000)
  region size 1024K, 8 young (8192K), 8 survivors (8192K)
 Metaspace       used 60938K, capacity 61719K, committed 61824K, reserved 1103872K
  class space    used 7021K, capacity 7362K, committed 7372K, reserved 1048576K
}
Event: 6.595 GC heap before
{Heap before GC invocations=11 (full 0):
 garbage-first heap   total 147456K, used 98261K [0x000000008c000000, 0x0000000100000000)
  region size 1024K, 60 young (61440K), 8 survivors (8192K)
 Metaspace       used 66049K, capacity 66868K, committed 67200K, reserved 1107968K
  class space    used 7397K, capacity 7765K, committed 7884K, reserved 1048576K
}
Event: 6.618 GC heap after
{Heap after GC invocations=12 (full 0):
 garbage-first heap   total 198656K, used 52180K [0x000000008c000000, 0x0000000100000000)
  region size 1024K, 6 young (6144K), 6 survivors (6144K)
 Metaspace       used 66049K, capacity 66868K, committed 67200K, reserved 1107968K
  class space    used 7397K, capacity 7765K, committed 7884K, reserved 1048576K
}
Event: 8.294 GC heap before
{Heap before GC invocations=12 (full 0):
 garbage-first heap   total 198656K, used 119764K [0x000000008c000000, 0x0000000100000000)
  region size 1024K, 71 young (72704K), 6 survivors (6144K)
 Metaspace       used 73342K, capacity 74237K, committed 74496K, reserved 1116160K
  class space    used 8036K, capacity 8408K, committed 8524K, reserved 1048576K
}
Event: 8.315 GC heap after
{Heap after GC invocations=13 (full 0):
 garbage-first heap   total 198656K, used 57720K [0x000000008c000000, 0x0000000100000000)
  region size 1024K, 6 young (6144K), 6 survivors (6144K)
 Metaspace       used 73342K, capacity 74237K, committed 74496K, reserved 1116160K
  class space    used 8036K, capacity 8408K, committed 8524K, reserved 1048576K
}
Event: 9.545 GC heap before
{Heap before GC invocations=13 (full 0):
 garbage-first heap   total 198656K, used 130424K [0x000000008c000000, 0x0000000100000000)
  region size 1024K, 77 young (78848K), 6 survivors (6144K)
 Metaspace       used 82471K, capacity 83407K, committed 83584K, reserved 1124352K
  class space    used 9009K, capacity 9374K, committed 9420K, reserved 1048576K
}
Event: 9.564 GC heap after
{Heap after GC invocations=14 (full 0):
 garbage-first heap   total 198656K, used 64386K [0x000000008c000000, 0x0000000100000000)
  region size 1024K, 10 young (10240K), 10 survivors (10240K)
 Metaspace       used 82471K, capacity 83407K, committed 83584K, reserved 1124352K
  class space    used 9009K, capacity 9374K, committed 9420K, reserved 1048576K
}

